{"E:\\laragon\\www\\laravel8andreactjshop\\node\\server.js": {"path":"E:\\laragon\\www\\laravel8andreactjshop\\node\\server.js","statementMap":{"0":{"start":{"line":1,"column":0},"end":{"line":1,"column":26}},"1":{"start":{"line":2,"column":16},"end":{"line":2,"column":34}},"2":{"start":{"line":3,"column":19},"end":{"line":3,"column":41}},"3":{"start":{"line":4,"column":11},"end":{"line":4,"column":26}},"4":{"start":{"line":5,"column":18},"end":{"line":5,"column":40}},"5":{"start":{"line":6,"column":21},"end":{"line":6,"column":59}},"6":{"start":{"line":7,"column":18},"end":{"line":7,"column":48}},"7":{"start":{"line":8,"column":0},"end":{"line":8,"column":43}},"8":{"start":{"line":9,"column":21},"end":{"line":9,"column":58}},"9":{"start":{"line":10,"column":15},"end":{"line":10,"column":34}},"10":{"start":{"line":12,"column":18},"end":{"line":12,"column":47}},"11":{"start":{"line":13,"column":13},"end":{"line":13,"column":30}},"12":{"start":{"line":14,"column":24},"end":{"line":14,"column":51}},"13":{"start":{"line":16,"column":12},"end":{"line":16,"column":21}},"14":{"start":{"line":17,"column":13},"end":{"line":17,"column":28}},"15":{"start":{"line":19,"column":0},"end":{"line":19,"column":37}},"16":{"start":{"line":23,"column":16},"end":{"line":23,"column":34}},"17":{"start":{"line":24,"column":16},"end":{"line":24,"column":45}},"18":{"start":{"line":25,"column":23},"end":{"line":25,"column":57}},"19":{"start":{"line":27,"column":0},"end":{"line":27,"column":12}},"20":{"start":{"line":30,"column":0},"end":{"line":30,"column":47}},"21":{"start":{"line":31,"column":0},"end":{"line":31,"column":29}},"22":{"start":{"line":32,"column":0},"end":{"line":32,"column":55}},"23":{"start":{"line":34,"column":0},"end":{"line":34,"column":15}},"24":{"start":{"line":35,"column":0},"end":{"line":35,"column":24}},"25":{"start":{"line":37,"column":0},"end":{"line":37,"column":42}},"26":{"start":{"line":38,"column":0},"end":{"line":38,"column":50}},"27":{"start":{"line":39,"column":0},"end":{"line":39,"column":71}},"28":{"start":{"line":45,"column":0},"end":{"line":50,"column":2}},"29":{"start":{"line":51,"column":0},"end":{"line":51,"column":39}},"30":{"start":{"line":55,"column":0},"end":{"line":55,"column":21}},"31":{"start":{"line":58,"column":0},"end":{"line":58,"column":15}},"32":{"start":{"line":61,"column":0},"end":{"line":63,"column":2}},"33":{"start":{"line":62,"column":2},"end":{"line":62,"column":29}},"34":{"start":{"line":68,"column":0},"end":{"line":68,"column":30}},"35":{"start":{"line":70,"column":0},"end":{"line":70,"column":42}},"36":{"start":{"line":77,"column":15},"end":{"line":79,"column":2}},"37":{"start":{"line":78,"column":2},"end":{"line":78,"column":94}},"38":{"start":{"line":81,"column":0},"end":{"line":84,"column":3}},"39":{"start":{"line":82,"column":2},"end":{"line":82,"column":55}},"40":{"start":{"line":83,"column":2},"end":{"line":83,"column":27}},"41":{"start":{"line":86,"column":21},"end":{"line":95,"column":1}},"42":{"start":{"line":87,"column":2},"end":{"line":89,"column":49}},"43":{"start":{"line":89,"column":29},"end":{"line":89,"column":47}},"44":{"start":{"line":91,"column":2},"end":{"line":94,"column":5}},"45":{"start":{"line":92,"column":4},"end":{"line":92,"column":49}},"46":{"start":{"line":93,"column":4},"end":{"line":93,"column":20}},"47":{"start":{"line":97,"column":0},"end":{"line":97,"column":36}},"48":{"start":{"line":98,"column":0},"end":{"line":98,"column":35}},"49":{"start":{"line":101,"column":0},"end":{"line":101,"column":23}}},"fnMap":{"0":{"name":"(anonymous_0)","decl":{"start":{"line":61,"column":13},"end":{"line":61,"column":14}},"loc":{"start":{"line":61,"column":33},"end":{"line":63,"column":1}},"line":61},"1":{"name":"(anonymous_1)","decl":{"start":{"line":77,"column":44},"end":{"line":77,"column":45}},"loc":{"start":{"line":77,"column":56},"end":{"line":79,"column":1}},"line":77},"2":{"name":"(anonymous_2)","decl":{"start":{"line":81,"column":33},"end":{"line":81,"column":34}},"loc":{"start":{"line":81,"column":42},"end":{"line":84,"column":1}},"line":81},"3":{"name":"(anonymous_3)","decl":{"start":{"line":86,"column":21},"end":{"line":86,"column":22}},"loc":{"start":{"line":86,"column":27},"end":{"line":95,"column":1}},"line":86},"4":{"name":"(anonymous_4)","decl":{"start":{"line":89,"column":13},"end":{"line":89,"column":14}},"loc":{"start":{"line":89,"column":29},"end":{"line":89,"column":47}},"line":89},"5":{"name":"(anonymous_5)","decl":{"start":{"line":91,"column":15},"end":{"line":91,"column":16}},"loc":{"start":{"line":91,"column":21},"end":{"line":94,"column":3}},"line":91}},"branchMap":{},"s":{"0":1,"1":1,"2":1,"3":1,"4":1,"5":1,"6":1,"7":1,"8":1,"9":1,"10":1,"11":1,"12":1,"13":1,"14":1,"15":1,"16":1,"17":1,"18":1,"19":1,"20":1,"21":1,"22":1,"23":1,"24":1,"25":1,"26":1,"27":1,"28":1,"29":1,"30":1,"31":1,"32":1,"33":0,"34":1,"35":1,"36":1,"37":1,"38":1,"39":0,"40":0,"41":1,"42":0,"43":0,"44":0,"45":0,"46":0,"47":1,"48":1,"49":1},"f":{"0":0,"1":1,"2":0,"3":0,"4":0,"5":0},"b":{},"_coverageSchema":"1a1c01bbd47fc00a2c39e90264f33305004495a9","hash":"9a84acc22cf1b2c9e5f3d20960c70040a5ef2b1a"}
,"E:\\laragon\\www\\laravel8andreactjshop\\node\\config\\db.js": {"path":"E:\\laragon\\www\\laravel8andreactjshop\\node\\config\\db.js","statementMap":{"0":{"start":{"line":1,"column":17},"end":{"line":1,"column":36}},"1":{"start":{"line":3,"column":18},"end":{"line":19,"column":1}},"2":{"start":{"line":4,"column":2},"end":{"line":18,"column":3}},"3":{"start":{"line":5,"column":16},"end":{"line":5,"column":77}},"4":{"start":{"line":6,"column":4},"end":{"line":10,"column":71}},"5":{"start":{"line":10,"column":24},"end":{"line":10,"column":69}},"6":{"start":{"line":11,"column":23},"end":{"line":11,"column":42}},"7":{"start":{"line":14,"column":4},"end":{"line":14,"column":51}},"8":{"start":{"line":16,"column":4},"end":{"line":16,"column":23}},"9":{"start":{"line":17,"column":4},"end":{"line":17,"column":17}},"10":{"start":{"line":21,"column":0},"end":{"line":21,"column":27}}},"fnMap":{"0":{"name":"(anonymous_0)","decl":{"start":{"line":3,"column":18},"end":{"line":3,"column":19}},"loc":{"start":{"line":3,"column":30},"end":{"line":19,"column":1}},"line":3},"1":{"name":"(anonymous_1)","decl":{"start":{"line":10,"column":13},"end":{"line":10,"column":14}},"loc":{"start":{"line":10,"column":24},"end":{"line":10,"column":69}},"line":10}},"branchMap":{"0":{"loc":{"start":{"line":5,"column":16},"end":{"line":5,"column":77}},"type":"binary-expr","locations":[{"start":{"line":5,"column":16},"end":{"line":5,"column":37}},{"start":{"line":5,"column":41},"end":{"line":5,"column":77}}],"line":5}},"s":{"0":1,"1":1,"2":1,"3":1,"4":1,"5":0,"6":1,"7":1,"8":0,"9":0,"10":1},"f":{"0":1,"1":0},"b":{"0":[1,0]},"_coverageSchema":"1a1c01bbd47fc00a2c39e90264f33305004495a9","hash":"10f39f805f8f6511b57381cbc91ea6be84b9aaed"}
,"E:\\laragon\\www\\laravel8andreactjshop\\node\\config\\dbjest.js": {"path":"E:\\laragon\\www\\laravel8andreactjshop\\node\\config\\dbjest.js","statementMap":{"0":{"start":{"line":1,"column":17},"end":{"line":1,"column":36}},"1":{"start":{"line":3,"column":16},"end":{"line":13,"column":2}},"2":{"start":{"line":4,"column":16},"end":{"line":4,"column":20}},"3":{"start":{"line":5,"column":14},"end":{"line":5,"column":35}},"4":{"start":{"line":6,"column":2},"end":{"line":12,"column":66}},"5":{"start":{"line":11,"column":16},"end":{"line":11,"column":65}},"6":{"start":{"line":12,"column":22},"end":{"line":12,"column":64}},"7":{"start":{"line":15,"column":0},"end":{"line":15,"column":25}}},"fnMap":{"0":{"name":"(anonymous_0)","decl":{"start":{"line":3,"column":28},"end":{"line":3,"column":29}},"loc":{"start":{"line":3,"column":55},"end":{"line":13,"column":1}},"line":3},"1":{"name":"(anonymous_1)","decl":{"start":{"line":11,"column":10},"end":{"line":11,"column":11}},"loc":{"start":{"line":11,"column":16},"end":{"line":11,"column":65}},"line":11},"2":{"name":"(anonymous_2)","decl":{"start":{"line":12,"column":11},"end":{"line":12,"column":12}},"loc":{"start":{"line":12,"column":22},"end":{"line":12,"column":64}},"line":12}},"branchMap":{},"s":{"0":1,"1":1,"2":1,"3":1,"4":1,"5":1,"6":0,"7":1},"f":{"0":1,"1":1,"2":0},"b":{},"_coverageSchema":"1a1c01bbd47fc00a2c39e90264f33305004495a9","hash":"0f5502e724656e729bbb403bf8df9671c3f9ba08"}
,"E:\\laragon\\www\\laravel8andreactjshop\\node\\constant\\common.js": {"path":"E:\\laragon\\www\\laravel8andreactjshop\\node\\constant\\common.js","statementMap":{"0":{"start":{"line":1,"column":14},"end":{"line":4,"column":3}},"1":{"start":{"line":5,"column":27},"end":{"line":5,"column":29}},"2":{"start":{"line":7,"column":18},"end":{"line":7,"column":22}},"3":{"start":{"line":8,"column":15},"end":{"line":8,"column":29}},"4":{"start":{"line":11,"column":4},"end":{"line":11,"column":122}},"5":{"start":{"line":12,"column":35},"end":{"line":12,"column":45}},"6":{"start":{"line":13,"column":25},"end":{"line":13,"column":35}},"7":{"start":{"line":15,"column":19},"end":{"line":25,"column":3}},"8":{"start":{"line":27,"column":19},"end":{"line":31,"column":3}},"9":{"start":{"line":33,"column":2},"end":{"line":43,"column":4}}},"fnMap":{},"branchMap":{},"s":{"0":1,"1":1,"2":1,"3":1,"4":1,"5":1,"6":1,"7":1,"8":1,"9":1},"f":{},"b":{},"_coverageSchema":"1a1c01bbd47fc00a2c39e90264f33305004495a9","hash":"fb4d9d9b4009d1ed09ce3d7814c1ffe6fbe6db8e"}
,"E:\\laragon\\www\\laravel8andreactjshop\\node\\controllers\\address\\address.controller.js": {"path":"E:\\laragon\\www\\laravel8andreactjshop\\node\\controllers\\address\\address.controller.js","statementMap":{"0":{"start":{"line":2,"column":21},"end":{"line":2,"column":52}},"1":{"start":{"line":3,"column":15},"end":{"line":3,"column":43}},"2":{"start":{"line":5,"column":19},"end":{"line":20,"column":1}},"3":{"start":{"line":6,"column":2},"end":{"line":19,"column":3}},"4":{"start":{"line":7,"column":24},"end":{"line":7,"column":33}},"5":{"start":{"line":8,"column":23},"end":{"line":8,"column":67}},"6":{"start":{"line":10,"column":7},"end":{"line":11,"column":69}},"7":{"start":{"line":11,"column":9},"end":{"line":11,"column":69}},"8":{"start":{"line":13,"column":22},"end":{"line":13,"column":83}},"9":{"start":{"line":15,"column":7},"end":{"line":15,"column":69}},"10":{"start":{"line":18,"column":4},"end":{"line":18,"column":55}},"11":{"start":{"line":22,"column":19},"end":{"line":60,"column":3}},"12":{"start":{"line":23,"column":4},"end":{"line":59,"column":5}},"13":{"start":{"line":33,"column":11},"end":{"line":33,"column":19}},"14":{"start":{"line":35,"column":22},"end":{"line":35,"column":66}},"15":{"start":{"line":37,"column":6},"end":{"line":38,"column":68}},"16":{"start":{"line":38,"column":8},"end":{"line":38,"column":68}},"17":{"start":{"line":41,"column":19},"end":{"line":50,"column":8}},"18":{"start":{"line":52,"column":6},"end":{"line":53,"column":74}},"19":{"start":{"line":53,"column":9},"end":{"line":53,"column":74}},"20":{"start":{"line":55,"column":9},"end":{"line":55,"column":69}},"21":{"start":{"line":58,"column":6},"end":{"line":58,"column":57}},"22":{"start":{"line":62,"column":22},"end":{"line":74,"column":3}},"23":{"start":{"line":63,"column":4},"end":{"line":73,"column":5}},"24":{"start":{"line":65,"column":24},"end":{"line":65,"column":34}},"25":{"start":{"line":67,"column":19},"end":{"line":67,"column":50}},"26":{"start":{"line":69,"column":6},"end":{"line":69,"column":69}},"27":{"start":{"line":72,"column":6},"end":{"line":72,"column":57}},"28":{"start":{"line":76,"column":24},"end":{"line":110,"column":3}},"29":{"start":{"line":77,"column":4},"end":{"line":109,"column":5}},"30":{"start":{"line":87,"column":10},"end":{"line":87,"column":18}},"31":{"start":{"line":88,"column":24},"end":{"line":88,"column":34}},"32":{"start":{"line":90,"column":19},"end":{"line":100,"column":8}},"33":{"start":{"line":102,"column":6},"end":{"line":103,"column":74}},"34":{"start":{"line":103,"column":9},"end":{"line":103,"column":74}},"35":{"start":{"line":105,"column":9},"end":{"line":105,"column":72}},"36":{"start":{"line":108,"column":6},"end":{"line":108,"column":57}},"37":{"start":{"line":113,"column":24},"end":{"line":130,"column":3}},"38":{"start":{"line":114,"column":4},"end":{"line":129,"column":5}},"39":{"start":{"line":116,"column":24},"end":{"line":116,"column":34}},"40":{"start":{"line":118,"column":24},"end":{"line":118,"column":64}},"41":{"start":{"line":120,"column":6},"end":{"line":121,"column":74}},"42":{"start":{"line":121,"column":9},"end":{"line":121,"column":74}},"43":{"start":{"line":123,"column":19},"end":{"line":123,"column":82}},"44":{"start":{"line":125,"column":9},"end":{"line":125,"column":74}},"45":{"start":{"line":128,"column":6},"end":{"line":128,"column":57}},"46":{"start":{"line":132,"column":0},"end":{"line":138,"column":2}}},"fnMap":{"0":{"name":"(anonymous_0)","decl":{"start":{"line":5,"column":19},"end":{"line":5,"column":20}},"loc":{"start":{"line":5,"column":39},"end":{"line":20,"column":1}},"line":5},"1":{"name":"(anonymous_1)","decl":{"start":{"line":22,"column":19},"end":{"line":22,"column":20}},"loc":{"start":{"line":22,"column":39},"end":{"line":60,"column":3}},"line":22},"2":{"name":"(anonymous_2)","decl":{"start":{"line":62,"column":22},"end":{"line":62,"column":23}},"loc":{"start":{"line":62,"column":42},"end":{"line":74,"column":3}},"line":62},"3":{"name":"(anonymous_3)","decl":{"start":{"line":76,"column":24},"end":{"line":76,"column":25}},"loc":{"start":{"line":76,"column":44},"end":{"line":110,"column":3}},"line":76},"4":{"name":"(anonymous_4)","decl":{"start":{"line":113,"column":24},"end":{"line":113,"column":25}},"loc":{"start":{"line":113,"column":44},"end":{"line":130,"column":3}},"line":113}},"branchMap":{"0":{"loc":{"start":{"line":10,"column":7},"end":{"line":11,"column":69}},"type":"if","locations":[{"start":{"line":10,"column":7},"end":{"line":11,"column":69}},{"start":{},"end":{}}],"line":10},"1":{"loc":{"start":{"line":37,"column":6},"end":{"line":38,"column":68}},"type":"if","locations":[{"start":{"line":37,"column":6},"end":{"line":38,"column":68}},{"start":{},"end":{}}],"line":37},"2":{"loc":{"start":{"line":52,"column":6},"end":{"line":53,"column":74}},"type":"if","locations":[{"start":{"line":52,"column":6},"end":{"line":53,"column":74}},{"start":{},"end":{}}],"line":52},"3":{"loc":{"start":{"line":102,"column":6},"end":{"line":103,"column":74}},"type":"if","locations":[{"start":{"line":102,"column":6},"end":{"line":103,"column":74}},{"start":{},"end":{}}],"line":102},"4":{"loc":{"start":{"line":120,"column":6},"end":{"line":121,"column":74}},"type":"if","locations":[{"start":{"line":120,"column":6},"end":{"line":121,"column":74}},{"start":{},"end":{}}],"line":120}},"s":{"0":1,"1":1,"2":1,"3":0,"4":0,"5":0,"6":0,"7":0,"8":0,"9":0,"10":0,"11":1,"12":0,"13":0,"14":0,"15":0,"16":0,"17":0,"18":0,"19":0,"20":0,"21":0,"22":1,"23":0,"24":0,"25":0,"26":0,"27":0,"28":1,"29":0,"30":0,"31":0,"32":0,"33":0,"34":0,"35":0,"36":0,"37":1,"38":0,"39":0,"40":0,"41":0,"42":0,"43":0,"44":0,"45":0,"46":1},"f":{"0":0,"1":0,"2":0,"3":0,"4":0},"b":{"0":[0,0],"1":[0,0],"2":[0,0],"3":[0,0],"4":[0,0]},"_coverageSchema":"1a1c01bbd47fc00a2c39e90264f33305004495a9","hash":"6a05b0c764516447fee4ed8ba03944552a02e653"}
,"E:\\laragon\\www\\laravel8andreactjshop\\node\\controllers\\cart\\cart.controller.js": {"path":"E:\\laragon\\www\\laravel8andreactjshop\\node\\controllers\\cart\\cart.controller.js","statementMap":{"0":{"start":{"line":2,"column":18},"end":{"line":2,"column":46}},"1":{"start":{"line":3,"column":18},"end":{"line":3,"column":49}},"2":{"start":{"line":4,"column":15},"end":{"line":4,"column":43}},"3":{"start":{"line":6,"column":16},"end":{"line":24,"column":1}},"4":{"start":{"line":7,"column":2},"end":{"line":23,"column":3}},"5":{"start":{"line":8,"column":24},"end":{"line":8,"column":33}},"6":{"start":{"line":9,"column":23},"end":{"line":9,"column":67}},"7":{"start":{"line":11,"column":7},"end":{"line":12,"column":69}},"8":{"start":{"line":12,"column":9},"end":{"line":12,"column":69}},"9":{"start":{"line":14,"column":22},"end":{"line":15,"column":91}},"10":{"start":{"line":17,"column":9},"end":{"line":17,"column":26}},"11":{"start":{"line":19,"column":7},"end":{"line":19,"column":66}},"12":{"start":{"line":22,"column":4},"end":{"line":22,"column":55}},"13":{"start":{"line":26,"column":16},"end":{"line":55,"column":3}},"14":{"start":{"line":27,"column":4},"end":{"line":54,"column":5}},"15":{"start":{"line":28,"column":45},"end":{"line":28,"column":53}},"16":{"start":{"line":30,"column":22},"end":{"line":30,"column":74}},"17":{"start":{"line":32,"column":22},"end":{"line":32,"column":66}},"18":{"start":{"line":34,"column":6},"end":{"line":39,"column":74}},"19":{"start":{"line":35,"column":8},"end":{"line":35,"column":68}},"20":{"start":{"line":36,"column":11},"end":{"line":39,"column":74}},"21":{"start":{"line":37,"column":8},"end":{"line":37,"column":71}},"22":{"start":{"line":38,"column":11},"end":{"line":39,"column":74}},"23":{"start":{"line":39,"column":8},"end":{"line":39,"column":74}},"24":{"start":{"line":41,"column":19},"end":{"line":45,"column":8}},"25":{"start":{"line":47,"column":6},"end":{"line":48,"column":74}},"26":{"start":{"line":48,"column":9},"end":{"line":48,"column":74}},"27":{"start":{"line":50,"column":9},"end":{"line":50,"column":66}},"28":{"start":{"line":53,"column":6},"end":{"line":53,"column":57}},"29":{"start":{"line":58,"column":21},"end":{"line":73,"column":3}},"30":{"start":{"line":59,"column":4},"end":{"line":72,"column":5}},"31":{"start":{"line":60,"column":24},"end":{"line":60,"column":32}},"32":{"start":{"line":61,"column":24},"end":{"line":61,"column":34}},"33":{"start":{"line":63,"column":19},"end":{"line":63,"column":72}},"34":{"start":{"line":65,"column":6},"end":{"line":66,"column":74}},"35":{"start":{"line":66,"column":9},"end":{"line":66,"column":74}},"36":{"start":{"line":68,"column":9},"end":{"line":68,"column":69}},"37":{"start":{"line":71,"column":6},"end":{"line":71,"column":57}},"38":{"start":{"line":76,"column":21},"end":{"line":91,"column":3}},"39":{"start":{"line":77,"column":4},"end":{"line":90,"column":5}},"40":{"start":{"line":79,"column":24},"end":{"line":79,"column":34}},"41":{"start":{"line":81,"column":19},"end":{"line":81,"column":51}},"42":{"start":{"line":83,"column":6},"end":{"line":84,"column":74}},"43":{"start":{"line":84,"column":9},"end":{"line":84,"column":74}},"44":{"start":{"line":86,"column":9},"end":{"line":86,"column":69}},"45":{"start":{"line":89,"column":6},"end":{"line":89,"column":57}},"46":{"start":{"line":93,"column":0},"end":{"line":98,"column":2}}},"fnMap":{"0":{"name":"(anonymous_0)","decl":{"start":{"line":6,"column":16},"end":{"line":6,"column":17}},"loc":{"start":{"line":6,"column":36},"end":{"line":24,"column":1}},"line":6},"1":{"name":"(anonymous_1)","decl":{"start":{"line":26,"column":16},"end":{"line":26,"column":17}},"loc":{"start":{"line":26,"column":36},"end":{"line":55,"column":3}},"line":26},"2":{"name":"(anonymous_2)","decl":{"start":{"line":58,"column":21},"end":{"line":58,"column":22}},"loc":{"start":{"line":58,"column":41},"end":{"line":73,"column":3}},"line":58},"3":{"name":"(anonymous_3)","decl":{"start":{"line":76,"column":21},"end":{"line":76,"column":22}},"loc":{"start":{"line":76,"column":41},"end":{"line":91,"column":3}},"line":76}},"branchMap":{"0":{"loc":{"start":{"line":11,"column":7},"end":{"line":12,"column":69}},"type":"if","locations":[{"start":{"line":11,"column":7},"end":{"line":12,"column":69}},{"start":{},"end":{}}],"line":11},"1":{"loc":{"start":{"line":34,"column":6},"end":{"line":39,"column":74}},"type":"if","locations":[{"start":{"line":34,"column":6},"end":{"line":39,"column":74}},{"start":{"line":36,"column":11},"end":{"line":39,"column":74}}],"line":34},"2":{"loc":{"start":{"line":36,"column":11},"end":{"line":39,"column":74}},"type":"if","locations":[{"start":{"line":36,"column":11},"end":{"line":39,"column":74}},{"start":{"line":38,"column":11},"end":{"line":39,"column":74}}],"line":36},"3":{"loc":{"start":{"line":38,"column":11},"end":{"line":39,"column":74}},"type":"if","locations":[{"start":{"line":38,"column":11},"end":{"line":39,"column":74}},{"start":{},"end":{}}],"line":38},"4":{"loc":{"start":{"line":47,"column":6},"end":{"line":48,"column":74}},"type":"if","locations":[{"start":{"line":47,"column":6},"end":{"line":48,"column":74}},{"start":{},"end":{}}],"line":47},"5":{"loc":{"start":{"line":65,"column":6},"end":{"line":66,"column":74}},"type":"if","locations":[{"start":{"line":65,"column":6},"end":{"line":66,"column":74}},{"start":{},"end":{}}],"line":65},"6":{"loc":{"start":{"line":83,"column":6},"end":{"line":84,"column":74}},"type":"if","locations":[{"start":{"line":83,"column":6},"end":{"line":84,"column":74}},{"start":{},"end":{}}],"line":83}},"s":{"0":1,"1":1,"2":1,"3":1,"4":0,"5":0,"6":0,"7":0,"8":0,"9":0,"10":0,"11":0,"12":0,"13":1,"14":0,"15":0,"16":0,"17":0,"18":0,"19":0,"20":0,"21":0,"22":0,"23":0,"24":0,"25":0,"26":0,"27":0,"28":0,"29":1,"30":0,"31":0,"32":0,"33":0,"34":0,"35":0,"36":0,"37":0,"38":1,"39":0,"40":0,"41":0,"42":0,"43":0,"44":0,"45":0,"46":1},"f":{"0":0,"1":0,"2":0,"3":0},"b":{"0":[0,0],"1":[0,0],"2":[0,0],"3":[0,0],"4":[0,0],"5":[0,0],"6":[0,0]},"_coverageSchema":"1a1c01bbd47fc00a2c39e90264f33305004495a9","hash":"558b6e9bf762e873eafa40838eb5fe480618ca4e"}
,"E:\\laragon\\www\\laravel8andreactjshop\\node\\controllers\\category\\category.controller.js": {"path":"E:\\laragon\\www\\laravel8andreactjshop\\node\\controllers\\category\\category.controller.js","statementMap":{"0":{"start":{"line":2,"column":19},"end":{"line":2,"column":50}},"1":{"start":{"line":3,"column":19},"end":{"line":3,"column":51}},"2":{"start":{"line":6,"column":25},"end":{"line":59,"column":1}},"3":{"start":{"line":7,"column":2},"end":{"line":58,"column":3}},"4":{"start":{"line":14,"column":20},"end":{"line":52,"column":7}},"5":{"start":{"line":54,"column":7},"end":{"line":54,"column":71}},"6":{"start":{"line":57,"column":4},"end":{"line":57,"column":55}},"7":{"start":{"line":61,"column":0},"end":{"line":63,"column":2}}},"fnMap":{"0":{"name":"(anonymous_0)","decl":{"start":{"line":6,"column":25},"end":{"line":6,"column":26}},"loc":{"start":{"line":6,"column":45},"end":{"line":59,"column":1}},"line":6}},"branchMap":{},"s":{"0":1,"1":1,"2":1,"3":0,"4":0,"5":0,"6":0,"7":1},"f":{"0":0},"b":{},"_coverageSchema":"1a1c01bbd47fc00a2c39e90264f33305004495a9","hash":"8407d6bb5d97bceb705a2f93c4bee098c449aa31"}
,"E:\\laragon\\www\\laravel8andreactjshop\\node\\controllers\\contact\\contact.controller.js": {"path":"E:\\laragon\\www\\laravel8andreactjshop\\node\\controllers\\contact\\contact.controller.js","statementMap":{"0":{"start":{"line":2,"column":18},"end":{"line":2,"column":49}},"1":{"start":{"line":3,"column":18},"end":{"line":3,"column":38}},"2":{"start":{"line":5,"column":23},"end":{"line":25,"column":1}},"3":{"start":{"line":6,"column":2},"end":{"line":24,"column":3}},"4":{"start":{"line":7,"column":41},"end":{"line":7,"column":49}},"5":{"start":{"line":8,"column":4},"end":{"line":8,"column":32}},"6":{"start":{"line":10,"column":17},"end":{"line":15,"column":6}},"7":{"start":{"line":17,"column":4},"end":{"line":18,"column":72}},"8":{"start":{"line":18,"column":7},"end":{"line":18,"column":72}},"9":{"start":{"line":20,"column":7},"end":{"line":20,"column":73}},"10":{"start":{"line":23,"column":4},"end":{"line":23,"column":55}},"11":{"start":{"line":27,"column":0},"end":{"line":29,"column":2}}},"fnMap":{"0":{"name":"(anonymous_0)","decl":{"start":{"line":5,"column":23},"end":{"line":5,"column":24}},"loc":{"start":{"line":5,"column":43},"end":{"line":25,"column":1}},"line":5}},"branchMap":{"0":{"loc":{"start":{"line":17,"column":4},"end":{"line":18,"column":72}},"type":"if","locations":[{"start":{"line":17,"column":4},"end":{"line":18,"column":72}},{"start":{},"end":{}}],"line":17}},"s":{"0":1,"1":1,"2":1,"3":0,"4":0,"5":0,"6":0,"7":0,"8":0,"9":0,"10":0,"11":1},"f":{"0":0},"b":{"0":[0,0]},"_coverageSchema":"1a1c01bbd47fc00a2c39e90264f33305004495a9","hash":"d5a3be4da228d5d293428c2be5930afb6cc45ad3"}
,"E:\\laragon\\www\\laravel8andreactjshop\\node\\controllers\\coupon\\coupon.controller.js": {"path":"E:\\laragon\\www\\laravel8andreactjshop\\node\\controllers\\coupon\\coupon.controller.js","statementMap":{"0":{"start":{"line":1,"column":21},"end":{"line":1,"column":49}},"1":{"start":{"line":2,"column":21},"end":{"line":2,"column":55}},"2":{"start":{"line":3,"column":21},"end":{"line":3,"column":38}},"3":{"start":{"line":4,"column":21},"end":{"line":4,"column":38}},"4":{"start":{"line":5,"column":17},"end":{"line":5,"column":47}},"5":{"start":{"line":7,"column":14},"end":{"line":47,"column":1}},"6":{"start":{"line":8,"column":18},"end":{"line":8,"column":78}},"7":{"start":{"line":10,"column":4},"end":{"line":46,"column":5}},"8":{"start":{"line":11,"column":26},"end":{"line":11,"column":70}},"9":{"start":{"line":12,"column":8},"end":{"line":12,"column":42}},"10":{"start":{"line":14,"column":24},"end":{"line":14,"column":26}},"11":{"start":{"line":15,"column":24},"end":{"line":15,"column":165}},"12":{"start":{"line":18,"column":8},"end":{"line":40,"column":9}},"13":{"start":{"line":21,"column":12},"end":{"line":39,"column":13}},"14":{"start":{"line":21,"column":27},"end":{"line":21,"column":28}},"15":{"start":{"line":23,"column":27},"end":{"line":23,"column":49}},"16":{"start":{"line":24,"column":27},"end":{"line":24,"column":37}},"17":{"start":{"line":25,"column":16},"end":{"line":30,"column":17}},"18":{"start":{"line":27,"column":31},"end":{"line":27,"column":92}},"19":{"start":{"line":28,"column":34},"end":{"line":28,"column":108}},"20":{"start":{"line":29,"column":17},"end":{"line":29,"column":137}},"21":{"start":{"line":32,"column":16},"end":{"line":38,"column":19}},"22":{"start":{"line":42,"column":8},"end":{"line":42,"column":72}},"23":{"start":{"line":45,"column":6},"end":{"line":45,"column":57}},"24":{"start":{"line":49,"column":0},"end":{"line":51,"column":4}}},"fnMap":{"0":{"name":"(anonymous_0)","decl":{"start":{"line":7,"column":14},"end":{"line":7,"column":15}},"loc":{"start":{"line":7,"column":33},"end":{"line":47,"column":1}},"line":7}},"branchMap":{"0":{"loc":{"start":{"line":8,"column":18},"end":{"line":8,"column":78}},"type":"binary-expr","locations":[{"start":{"line":8,"column":18},"end":{"line":8,"column":46}},{"start":{"line":8,"column":50},"end":{"line":8,"column":78}}],"line":8},"1":{"loc":{"start":{"line":18,"column":8},"end":{"line":40,"column":9}},"type":"if","locations":[{"start":{"line":18,"column":8},"end":{"line":40,"column":9}},{"start":{},"end":{}}],"line":18},"2":{"loc":{"start":{"line":25,"column":16},"end":{"line":30,"column":17}},"type":"if","locations":[{"start":{"line":25,"column":16},"end":{"line":30,"column":17}},{"start":{},"end":{}}],"line":25},"3":{"loc":{"start":{"line":25,"column":19},"end":{"line":25,"column":60}},"type":"binary-expr","locations":[{"start":{"line":25,"column":19},"end":{"line":25,"column":36}},{"start":{"line":25,"column":40},"end":{"line":25,"column":60}}],"line":25},"4":{"loc":{"start":{"line":29,"column":25},"end":{"line":29,"column":137}},"type":"cond-expr","locations":[{"start":{"line":29,"column":50},"end":{"line":29,"column":125}},{"start":{"line":29,"column":128},"end":{"line":29,"column":137}}],"line":29}},"s":{"0":1,"1":1,"2":1,"3":1,"4":1,"5":1,"6":0,"7":0,"8":0,"9":0,"10":0,"11":0,"12":0,"13":0,"14":0,"15":0,"16":0,"17":0,"18":0,"19":0,"20":0,"21":0,"22":0,"23":0,"24":1},"f":{"0":0},"b":{"0":[0,0],"1":[0,0],"2":[0,0],"3":[0,0],"4":[0,0]},"_coverageSchema":"1a1c01bbd47fc00a2c39e90264f33305004495a9","hash":"a2c2872031daa42b86a899c4947843fb3407146a"}
,"E:\\laragon\\www\\laravel8andreactjshop\\node\\controllers\\home\\home.controller.js": {"path":"E:\\laragon\\www\\laravel8andreactjshop\\node\\controllers\\home\\home.controller.js","statementMap":{"0":{"start":{"line":2,"column":16},"end":{"line":2,"column":47}},"1":{"start":{"line":3,"column":10},"end":{"line":3,"column":27}},"2":{"start":{"line":6,"column":24},"end":{"line":23,"column":1}},"3":{"start":{"line":7,"column":2},"end":{"line":22,"column":3}},"4":{"start":{"line":8,"column":21},"end":{"line":8,"column":39}},"5":{"start":{"line":9,"column":4},"end":{"line":18,"column":5}},"6":{"start":{"line":10,"column":19},"end":{"line":10,"column":119}},"7":{"start":{"line":12,"column":6},"end":{"line":12,"column":71}},"8":{"start":{"line":15,"column":19},"end":{"line":15,"column":111}},"9":{"start":{"line":17,"column":6},"end":{"line":17,"column":71}},"10":{"start":{"line":21,"column":4},"end":{"line":21,"column":55}},"11":{"start":{"line":25,"column":25},"end":{"line":75,"column":1}},"12":{"start":{"line":26,"column":2},"end":{"line":74,"column":3}},"13":{"start":{"line":28,"column":19},"end":{"line":68,"column":8}},"14":{"start":{"line":70,"column":6},"end":{"line":70,"column":71}},"15":{"start":{"line":73,"column":4},"end":{"line":73,"column":55}},"16":{"start":{"line":77,"column":0},"end":{"line":80,"column":2}}},"fnMap":{"0":{"name":"(anonymous_0)","decl":{"start":{"line":6,"column":24},"end":{"line":6,"column":25}},"loc":{"start":{"line":6,"column":44},"end":{"line":23,"column":1}},"line":6},"1":{"name":"(anonymous_1)","decl":{"start":{"line":25,"column":25},"end":{"line":25,"column":26}},"loc":{"start":{"line":25,"column":45},"end":{"line":75,"column":1}},"line":25}},"branchMap":{"0":{"loc":{"start":{"line":9,"column":4},"end":{"line":18,"column":5}},"type":"if","locations":[{"start":{"line":9,"column":4},"end":{"line":18,"column":5}},{"start":{"line":14,"column":9},"end":{"line":18,"column":5}}],"line":9},"1":{"loc":{"start":{"line":9,"column":8},"end":{"line":9,"column":82}},"type":"binary-expr","locations":[{"start":{"line":9,"column":8},"end":{"line":9,"column":27}},{"start":{"line":9,"column":31},"end":{"line":9,"column":44}},{"start":{"line":9,"column":48},"end":{"line":9,"column":82}}],"line":9}},"s":{"0":1,"1":1,"2":1,"3":0,"4":0,"5":0,"6":0,"7":0,"8":0,"9":0,"10":0,"11":1,"12":0,"13":0,"14":0,"15":0,"16":1},"f":{"0":0,"1":0},"b":{"0":[0,0],"1":[0,0,0]},"_coverageSchema":"1a1c01bbd47fc00a2c39e90264f33305004495a9","hash":"9e3796ab2add77032d0714870f618a8863615235"}
,"E:\\laragon\\www\\laravel8andreactjshop\\node\\controllers\\invoice\\invoice.controller.js": {"path":"E:\\laragon\\www\\laravel8andreactjshop\\node\\controllers\\invoice\\invoice.controller.js","statementMap":{"0":{"start":{"line":1,"column":11},"end":{"line":1,"column":24}},"1":{"start":{"line":2,"column":11},"end":{"line":2,"column":30}},"2":{"start":{"line":3,"column":13},"end":{"line":3,"column":28}},"3":{"start":{"line":4,"column":22},"end":{"line":4,"column":36}},"4":{"start":{"line":5,"column":21},"end":{"line":5,"column":57}},"5":{"start":{"line":6,"column":20},"end":{"line":6,"column":55}},"6":{"start":{"line":7,"column":14},"end":{"line":7,"column":43}},"7":{"start":{"line":8,"column":10},"end":{"line":8,"column":27}},"8":{"start":{"line":9,"column":15},"end":{"line":9,"column":32}},"9":{"start":{"line":13,"column":0},"end":{"line":22,"column":6}},"10":{"start":{"line":14,"column":20},"end":{"line":14,"column":24}},"11":{"start":{"line":16,"column":6},"end":{"line":20,"column":8}},"12":{"start":{"line":17,"column":8},"end":{"line":19,"column":43}},"13":{"start":{"line":17,"column":17},"end":{"line":17,"column":29}},"14":{"start":{"line":19,"column":8},"end":{"line":19,"column":43}},"15":{"start":{"line":25,"column":14},"end":{"line":94,"column":1}},"16":{"start":{"line":27,"column":25},"end":{"line":27,"column":34}},"17":{"start":{"line":29,"column":25},"end":{"line":29,"column":60}},"18":{"start":{"line":31,"column":4},"end":{"line":32,"column":65}},"19":{"start":{"line":32,"column":4},"end":{"line":32,"column":65}},"20":{"start":{"line":36,"column":22},"end":{"line":36,"column":115}},"21":{"start":{"line":38,"column":4},"end":{"line":39,"column":65}},"22":{"start":{"line":39,"column":4},"end":{"line":39,"column":65}},"23":{"start":{"line":41,"column":21},"end":{"line":41,"column":132}},"24":{"start":{"line":43,"column":24},"end":{"line":46,"column":9}},"25":{"start":{"line":48,"column":20},"end":{"line":48,"column":55}},"26":{"start":{"line":50,"column":25},"end":{"line":50,"column":29}},"27":{"start":{"line":52,"column":5},"end":{"line":58,"column":7}},"28":{"start":{"line":54,"column":8},"end":{"line":54,"column":99}},"29":{"start":{"line":57,"column":8},"end":{"line":57,"column":33}},"30":{"start":{"line":66,"column":19},"end":{"line":66,"column":59}},"31":{"start":{"line":68,"column":20},"end":{"line":68,"column":62}},"32":{"start":{"line":70,"column":21},"end":{"line":70,"column":65}},"33":{"start":{"line":72,"column":4},"end":{"line":72,"column":64}},"34":{"start":{"line":74,"column":18},"end":{"line":74,"column":37}},"35":{"start":{"line":76,"column":13},"end":{"line":76,"column":223}},"36":{"start":{"line":78,"column":16},"end":{"line":78,"column":32}},"37":{"start":{"line":80,"column":3},"end":{"line":80,"column":45}},"38":{"start":{"line":82,"column":20},"end":{"line":82,"column":42}},"39":{"start":{"line":84,"column":15},"end":{"line":84,"column":51}},"40":{"start":{"line":85,"column":2},"end":{"line":85,"column":31}},"41":{"start":{"line":89,"column":2},"end":{"line":93,"column":10}},"42":{"start":{"line":90,"column":4},"end":{"line":92,"column":7}},"43":{"start":{"line":91,"column":6},"end":{"line":91,"column":25}},"44":{"start":{"line":91,"column":15},"end":{"line":91,"column":25}},"45":{"start":{"line":96,"column":0},"end":{"line":98,"column":4}}},"fnMap":{"0":{"name":"generatePdf","decl":{"start":{"line":11,"column":9},"end":{"line":11,"column":20}},"loc":{"start":{"line":11,"column":46},"end":{"line":23,"column":3}},"line":11},"1":{"name":"(anonymous_1)","decl":{"start":{"line":13,"column":19},"end":{"line":13,"column":20}},"loc":{"start":{"line":13,"column":43},"end":{"line":22,"column":5}},"line":13},"2":{"name":"(anonymous_2)","decl":{"start":{"line":16,"column":75},"end":{"line":16,"column":76}},"loc":{"start":{"line":16,"column":95},"end":{"line":20,"column":7}},"line":16},"3":{"name":"(anonymous_3)","decl":{"start":{"line":25,"column":14},"end":{"line":25,"column":15}},"loc":{"start":{"line":25,"column":33},"end":{"line":94,"column":1}},"line":25},"4":{"name":"(anonymous_4)","decl":{"start":{"line":89,"column":13},"end":{"line":89,"column":14}},"loc":{"start":{"line":89,"column":19},"end":{"line":93,"column":3}},"line":89},"5":{"name":"(anonymous_5)","decl":{"start":{"line":90,"column":46},"end":{"line":90,"column":47}},"loc":{"start":{"line":90,"column":53},"end":{"line":92,"column":5}},"line":90}},"branchMap":{"0":{"loc":{"start":{"line":17,"column":8},"end":{"line":19,"column":43}},"type":"if","locations":[{"start":{"line":17,"column":8},"end":{"line":19,"column":43}},{"start":{"line":19,"column":8},"end":{"line":19,"column":43}}],"line":17},"1":{"loc":{"start":{"line":29,"column":25},"end":{"line":29,"column":60}},"type":"binary-expr","locations":[{"start":{"line":29,"column":25},"end":{"line":29,"column":42}},{"start":{"line":29,"column":46},"end":{"line":29,"column":60}}],"line":29},"2":{"loc":{"start":{"line":31,"column":4},"end":{"line":32,"column":65}},"type":"if","locations":[{"start":{"line":31,"column":4},"end":{"line":32,"column":65}},{"start":{},"end":{}}],"line":31},"3":{"loc":{"start":{"line":38,"column":4},"end":{"line":39,"column":65}},"type":"if","locations":[{"start":{"line":38,"column":4},"end":{"line":39,"column":65}},{"start":{},"end":{}}],"line":38},"4":{"loc":{"start":{"line":48,"column":20},"end":{"line":48,"column":55}},"type":"cond-expr","locations":[{"start":{"line":48,"column":37},"end":{"line":48,"column":41}},{"start":{"line":48,"column":44},"end":{"line":48,"column":55}}],"line":48},"5":{"loc":{"start":{"line":52,"column":5},"end":{"line":58,"column":7}},"type":"if","locations":[{"start":{"line":52,"column":5},"end":{"line":58,"column":7}},{"start":{"line":56,"column":10},"end":{"line":58,"column":7}}],"line":52},"6":{"loc":{"start":{"line":91,"column":6},"end":{"line":91,"column":25}},"type":"if","locations":[{"start":{"line":91,"column":6},"end":{"line":91,"column":25}},{"start":{},"end":{}}],"line":91}},"s":{"0":1,"1":1,"2":1,"3":1,"4":1,"5":1,"6":1,"7":1,"8":1,"9":0,"10":0,"11":0,"12":0,"13":0,"14":0,"15":1,"16":0,"17":0,"18":0,"19":0,"20":0,"21":0,"22":0,"23":0,"24":0,"25":0,"26":0,"27":0,"28":0,"29":0,"30":0,"31":0,"32":0,"33":0,"34":0,"35":0,"36":0,"37":0,"38":0,"39":0,"40":0,"41":0,"42":0,"43":0,"44":0,"45":1},"f":{"0":0,"1":0,"2":0,"3":0,"4":0,"5":0},"b":{"0":[0,0],"1":[0,0],"2":[0,0],"3":[0,0],"4":[0,0],"5":[0,0],"6":[0,0]},"_coverageSchema":"1a1c01bbd47fc00a2c39e90264f33305004495a9","hash":"96bfe2128bd50f2ded945a9db49e98885c97d211"}
,"E:\\laragon\\www\\laravel8andreactjshop\\node\\controllers\\notification\\notification.controller.js": {"path":"E:\\laragon\\www\\laravel8andreactjshop\\node\\controllers\\notification\\notification.controller.js","statementMap":{"0":{"start":{"line":1,"column":21},"end":{"line":1,"column":57}},"1":{"start":{"line":2,"column":13},"end":{"line":2,"column":41}},"2":{"start":{"line":3,"column":15},"end":{"line":3,"column":32}},"3":{"start":{"line":4,"column":10},"end":{"line":4,"column":27}},"4":{"start":{"line":7,"column":22},"end":{"line":59,"column":1}},"5":{"start":{"line":9,"column":18},"end":{"line":9,"column":78}},"6":{"start":{"line":11,"column":30},"end":{"line":11,"column":39}},"7":{"start":{"line":13,"column":4},"end":{"line":58,"column":5}},"8":{"start":{"line":14,"column":21},"end":{"line":14,"column":61}},"9":{"start":{"line":15,"column":31},"end":{"line":25,"column":7}},"10":{"start":{"line":27,"column":22},"end":{"line":32,"column":7}},"11":{"start":{"line":35,"column":19},"end":{"line":35,"column":95}},"12":{"start":{"line":36,"column":20},"end":{"line":36,"column":43}},"13":{"start":{"line":38,"column":8},"end":{"line":38,"column":85}},"14":{"start":{"line":39,"column":8},"end":{"line":52,"column":9}},"15":{"start":{"line":54,"column":8},"end":{"line":54,"column":73}},"16":{"start":{"line":57,"column":8},"end":{"line":57,"column":59}},"17":{"start":{"line":61,"column":20},"end":{"line":81,"column":1}},"18":{"start":{"line":63,"column":18},"end":{"line":63,"column":78}},"19":{"start":{"line":65,"column":4},"end":{"line":80,"column":5}},"20":{"start":{"line":66,"column":21},"end":{"line":66,"column":61}},"21":{"start":{"line":67,"column":21},"end":{"line":72,"column":10}},"22":{"start":{"line":74,"column":8},"end":{"line":75,"column":11}},"23":{"start":{"line":77,"column":8},"end":{"line":77,"column":75}},"24":{"start":{"line":79,"column":8},"end":{"line":79,"column":59}},"25":{"start":{"line":84,"column":0},"end":{"line":87,"column":2}}},"fnMap":{"0":{"name":"(anonymous_0)","decl":{"start":{"line":7,"column":22},"end":{"line":7,"column":23}},"loc":{"start":{"line":7,"column":42},"end":{"line":59,"column":1}},"line":7},"1":{"name":"(anonymous_1)","decl":{"start":{"line":61,"column":20},"end":{"line":61,"column":21}},"loc":{"start":{"line":61,"column":40},"end":{"line":81,"column":1}},"line":61}},"branchMap":{"0":{"loc":{"start":{"line":9,"column":18},"end":{"line":9,"column":78}},"type":"binary-expr","locations":[{"start":{"line":9,"column":18},"end":{"line":9,"column":46}},{"start":{"line":9,"column":50},"end":{"line":9,"column":78}}],"line":9},"1":{"loc":{"start":{"line":11,"column":12},"end":{"line":11,"column":20}},"type":"default-arg","locations":[{"start":{"line":11,"column":19},"end":{"line":11,"column":20}}],"line":11},"2":{"loc":{"start":{"line":63,"column":18},"end":{"line":63,"column":78}},"type":"binary-expr","locations":[{"start":{"line":63,"column":18},"end":{"line":63,"column":46}},{"start":{"line":63,"column":50},"end":{"line":63,"column":78}}],"line":63},"3":{"loc":{"start":{"line":74,"column":17},"end":{"line":75,"column":11}},"type":"cond-expr","locations":[{"start":{"line":74,"column":40},"end":{"line":74,"column":55}},{"start":{"line":75,"column":10},"end":{"line":75,"column":11}}],"line":74}},"s":{"0":1,"1":1,"2":1,"3":1,"4":1,"5":0,"6":0,"7":0,"8":0,"9":0,"10":0,"11":0,"12":0,"13":0,"14":0,"15":0,"16":0,"17":1,"18":0,"19":0,"20":0,"21":0,"22":0,"23":0,"24":0,"25":1},"f":{"0":0,"1":0},"b":{"0":[0,0],"1":[0],"2":[0,0],"3":[0,0]},"_coverageSchema":"1a1c01bbd47fc00a2c39e90264f33305004495a9","hash":"f7ac15171609e979cfcae3279a509f3edce3ae88"}
,"E:\\laragon\\www\\laravel8andreactjshop\\node\\controllers\\order\\order.controller.js": {"path":"E:\\laragon\\www\\laravel8andreactjshop\\node\\controllers\\order\\order.controller.js","statementMap":{"0":{"start":{"line":2,"column":10},"end":{"line":2,"column":27}},"1":{"start":{"line":3,"column":15},"end":{"line":3,"column":55}},"2":{"start":{"line":4,"column":13},"end":{"line":4,"column":41}},"3":{"start":{"line":5,"column":16},"end":{"line":5,"column":47}},"4":{"start":{"line":6,"column":19},"end":{"line":6,"column":53}},"5":{"start":{"line":7,"column":15},"end":{"line":7,"column":45}},"6":{"start":{"line":8,"column":14},"end":{"line":8,"column":43}},"7":{"start":{"line":9,"column":20},"end":{"line":9,"column":55}},"8":{"start":{"line":10,"column":20},"end":{"line":10,"column":55}},"9":{"start":{"line":11,"column":21},"end":{"line":11,"column":57}},"10":{"start":{"line":12,"column":16},"end":{"line":12,"column":47}},"11":{"start":{"line":13,"column":15},"end":{"line":13,"column":32}},"12":{"start":{"line":14,"column":18},"end":{"line":14,"column":38}},"13":{"start":{"line":18,"column":26},"end":{"line":27,"column":1}},"14":{"start":{"line":19,"column":2},"end":{"line":26,"column":3}},"15":{"start":{"line":20,"column":29},"end":{"line":20,"column":37}},"16":{"start":{"line":21,"column":28},"end":{"line":21,"column":60}},"17":{"start":{"line":22,"column":4},"end":{"line":22,"column":80}},"18":{"start":{"line":25,"column":4},"end":{"line":25,"column":55}},"19":{"start":{"line":29,"column":24},"end":{"line":89,"column":1}},"20":{"start":{"line":30,"column":2},"end":{"line":88,"column":3}},"21":{"start":{"line":31,"column":24},"end":{"line":31,"column":33}},"22":{"start":{"line":32,"column":17},"end":{"line":32,"column":19}},"23":{"start":{"line":33,"column":4},"end":{"line":35,"column":5}},"24":{"start":{"line":34,"column":6},"end":{"line":34,"column":68}},"25":{"start":{"line":37,"column":4},"end":{"line":37,"column":23}},"26":{"start":{"line":38,"column":4},"end":{"line":56,"column":6}},"27":{"start":{"line":57,"column":4},"end":{"line":57,"column":103}},"28":{"start":{"line":59,"column":18},"end":{"line":59,"column":166}},"29":{"start":{"line":62,"column":4},"end":{"line":82,"column":5}},"30":{"start":{"line":64,"column":6},"end":{"line":81,"column":7}},"31":{"start":{"line":64,"column":21},"end":{"line":64,"column":22}},"32":{"start":{"line":66,"column":19},"end":{"line":66,"column":41}},"33":{"start":{"line":67,"column":19},"end":{"line":67,"column":29}},"34":{"start":{"line":68,"column":8},"end":{"line":72,"column":9}},"35":{"start":{"line":69,"column":24},"end":{"line":69,"column":85}},"36":{"start":{"line":70,"column":27},"end":{"line":70,"column":101}},"37":{"start":{"line":71,"column":10},"end":{"line":71,"column":129}},"38":{"start":{"line":74,"column":8},"end":{"line":80,"column":11}},"39":{"start":{"line":84,"column":4},"end":{"line":84,"column":69}},"40":{"start":{"line":87,"column":4},"end":{"line":87,"column":55}},"41":{"start":{"line":91,"column":19},"end":{"line":123,"column":1}},"42":{"start":{"line":92,"column":2},"end":{"line":121,"column":3}},"43":{"start":{"line":93,"column":24},"end":{"line":93,"column":32}},"44":{"start":{"line":94,"column":4},"end":{"line":96,"column":5}},"45":{"start":{"line":95,"column":6},"end":{"line":95,"column":68}},"46":{"start":{"line":98,"column":17},"end":{"line":99,"column":100}},"47":{"start":{"line":101,"column":4},"end":{"line":102,"column":67}},"48":{"start":{"line":102,"column":6},"end":{"line":102,"column":67}},"49":{"start":{"line":104,"column":4},"end":{"line":114,"column":5}},"50":{"start":{"line":105,"column":6},"end":{"line":112,"column":128}},"51":{"start":{"line":106,"column":8},"end":{"line":106,"column":103}},"52":{"start":{"line":107,"column":11},"end":{"line":112,"column":128}},"53":{"start":{"line":108,"column":8},"end":{"line":108,"column":98}},"54":{"start":{"line":109,"column":11},"end":{"line":112,"column":128}},"55":{"start":{"line":110,"column":8},"end":{"line":110,"column":101}},"56":{"start":{"line":111,"column":11},"end":{"line":112,"column":128}},"57":{"start":{"line":112,"column":8},"end":{"line":112,"column":128}},"58":{"start":{"line":117,"column":4},"end":{"line":117,"column":68}},"59":{"start":{"line":120,"column":4},"end":{"line":120,"column":55}},"60":{"start":{"line":125,"column":20},"end":{"line":149,"column":1}},"61":{"start":{"line":126,"column":35},"end":{"line":126,"column":43}},"62":{"start":{"line":128,"column":21},"end":{"line":128,"column":111}},"63":{"start":{"line":130,"column":2},"end":{"line":131,"column":34}},"64":{"start":{"line":131,"column":4},"end":{"line":131,"column":34}},"65":{"start":{"line":133,"column":25},"end":{"line":133,"column":126}},"66":{"start":{"line":135,"column":2},"end":{"line":146,"column":3}},"67":{"start":{"line":136,"column":4},"end":{"line":136,"column":38}},"68":{"start":{"line":138,"column":7},"end":{"line":146,"column":3}},"69":{"start":{"line":139,"column":4},"end":{"line":139,"column":34}},"70":{"start":{"line":141,"column":7},"end":{"line":146,"column":3}},"71":{"start":{"line":142,"column":18},"end":{"line":142,"column":79}},"72":{"start":{"line":143,"column":21},"end":{"line":143,"column":101}},"73":{"start":{"line":144,"column":4},"end":{"line":145,"column":36}},"74":{"start":{"line":145,"column":6},"end":{"line":145,"column":36}},"75":{"start":{"line":148,"column":2},"end":{"line":148,"column":10}},"76":{"start":{"line":151,"column":20},"end":{"line":161,"column":1}},"77":{"start":{"line":153,"column":16},"end":{"line":153,"column":43}},"78":{"start":{"line":155,"column":2},"end":{"line":158,"column":48}},"79":{"start":{"line":156,"column":4},"end":{"line":156,"column":68}},"80":{"start":{"line":158,"column":4},"end":{"line":158,"column":48}},"81":{"start":{"line":163,"column":24},"end":{"line":187,"column":1}},"82":{"start":{"line":165,"column":36},"end":{"line":165,"column":40}},"83":{"start":{"line":167,"column":2},"end":{"line":174,"column":7}},"84":{"start":{"line":177,"column":2},"end":{"line":186,"column":7}},"85":{"start":{"line":190,"column":26},"end":{"line":201,"column":1}},"86":{"start":{"line":191,"column":60},"end":{"line":191,"column":64}},"87":{"start":{"line":193,"column":15},"end":{"line":198,"column":4}},"88":{"start":{"line":200,"column":2},"end":{"line":200,"column":17}},"89":{"start":{"line":203,"column":20},"end":{"line":248,"column":1}},"90":{"start":{"line":204,"column":110},"end":{"line":204,"column":114}},"91":{"start":{"line":206,"column":22},"end":{"line":206,"column":56}},"92":{"start":{"line":208,"column":20},"end":{"line":217,"column":4}},"93":{"start":{"line":219,"column":15},"end":{"line":220,"column":98}},"94":{"start":{"line":222,"column":2},"end":{"line":245,"column":3}},"95":{"start":{"line":224,"column":4},"end":{"line":236,"column":5}},"96":{"start":{"line":225,"column":16},"end":{"line":225,"column":38}},"97":{"start":{"line":226,"column":6},"end":{"line":231,"column":8}},"98":{"start":{"line":233,"column":6},"end":{"line":235,"column":7}},"99":{"start":{"line":238,"column":4},"end":{"line":243,"column":9}},"100":{"start":{"line":246,"column":2},"end":{"line":246,"column":18}},"101":{"start":{"line":250,"column":23},"end":{"line":318,"column":1}},"102":{"start":{"line":252,"column":2},"end":{"line":317,"column":3}},"103":{"start":{"line":253,"column":21},"end":{"line":254,"column":100}},"104":{"start":{"line":256,"column":19},"end":{"line":256,"column":20}},"105":{"start":{"line":258,"column":4},"end":{"line":260,"column":5}},"106":{"start":{"line":259,"column":6},"end":{"line":259,"column":55}},"107":{"start":{"line":261,"column":25},"end":{"line":261,"column":65}},"108":{"start":{"line":262,"column":16},"end":{"line":262,"column":41}},"109":{"start":{"line":263,"column":4},"end":{"line":263,"column":40}},"110":{"start":{"line":264,"column":23},"end":{"line":264,"column":24}},"111":{"start":{"line":265,"column":25},"end":{"line":265,"column":29}},"112":{"start":{"line":266,"column":21},"end":{"line":266,"column":25}},"113":{"start":{"line":268,"column":4},"end":{"line":280,"column":5}},"114":{"start":{"line":269,"column":20},"end":{"line":269,"column":47}},"115":{"start":{"line":271,"column":6},"end":{"line":278,"column":7}},"116":{"start":{"line":272,"column":8},"end":{"line":272,"column":120}},"117":{"start":{"line":274,"column":8},"end":{"line":274,"column":141}},"118":{"start":{"line":277,"column":8},"end":{"line":277,"column":52}},"119":{"start":{"line":282,"column":28},"end":{"line":287,"column":5}},"120":{"start":{"line":289,"column":27},"end":{"line":289,"column":67}},"121":{"start":{"line":291,"column":22},"end":{"line":301,"column":5}},"122":{"start":{"line":303,"column":18},"end":{"line":303,"column":46}},"123":{"start":{"line":305,"column":23},"end":{"line":309,"column":5}},"124":{"start":{"line":310,"column":4},"end":{"line":310,"column":31}},"125":{"start":{"line":312,"column":4},"end":{"line":312,"column":16}},"126":{"start":{"line":316,"column":4},"end":{"line":316,"column":55}},"127":{"start":{"line":320,"column":23},"end":{"line":422,"column":1}},"128":{"start":{"line":322,"column":2},"end":{"line":421,"column":3}},"129":{"start":{"line":323,"column":21},"end":{"line":324,"column":100}},"130":{"start":{"line":326,"column":19},"end":{"line":326,"column":20}},"131":{"start":{"line":328,"column":4},"end":{"line":330,"column":5}},"132":{"start":{"line":329,"column":6},"end":{"line":329,"column":55}},"133":{"start":{"line":331,"column":25},"end":{"line":331,"column":65}},"134":{"start":{"line":332,"column":16},"end":{"line":332,"column":41}},"135":{"start":{"line":334,"column":23},"end":{"line":334,"column":24}},"136":{"start":{"line":335,"column":25},"end":{"line":335,"column":29}},"137":{"start":{"line":336,"column":21},"end":{"line":336,"column":25}},"138":{"start":{"line":338,"column":4},"end":{"line":351,"column":5}},"139":{"start":{"line":339,"column":20},"end":{"line":339,"column":47}},"140":{"start":{"line":341,"column":6},"end":{"line":349,"column":7}},"141":{"start":{"line":342,"column":8},"end":{"line":342,"column":120}},"142":{"start":{"line":344,"column":8},"end":{"line":344,"column":141}},"143":{"start":{"line":345,"column":8},"end":{"line":345,"column":54}},"144":{"start":{"line":348,"column":8},"end":{"line":348,"column":52}},"145":{"start":{"line":353,"column":4},"end":{"line":353,"column":40}},"146":{"start":{"line":357,"column":4},"end":{"line":360,"column":5}},"147":{"start":{"line":358,"column":6},"end":{"line":358,"column":73}},"148":{"start":{"line":362,"column":18},"end":{"line":369,"column":6}},"149":{"start":{"line":372,"column":24},"end":{"line":372,"column":67}},"150":{"start":{"line":373,"column":22},"end":{"line":373,"column":191}},"151":{"start":{"line":375,"column":19},"end":{"line":380,"column":6}},"152":{"start":{"line":383,"column":4},"end":{"line":417,"column":5}},"153":{"start":{"line":384,"column":30},"end":{"line":389,"column":7}},"154":{"start":{"line":391,"column":29},"end":{"line":391,"column":69}},"155":{"start":{"line":393,"column":24},"end":{"line":401,"column":7}},"156":{"start":{"line":403,"column":20},"end":{"line":403,"column":48}},"157":{"start":{"line":405,"column":6},"end":{"line":412,"column":7}},"158":{"start":{"line":406,"column":27},"end":{"line":410,"column":9}},"159":{"start":{"line":411,"column":8},"end":{"line":411,"column":35}},"160":{"start":{"line":416,"column":6},"end":{"line":416,"column":18}},"161":{"start":{"line":420,"column":4},"end":{"line":420,"column":55}},"162":{"start":{"line":426,"column":19},"end":{"line":484,"column":1}},"163":{"start":{"line":428,"column":51},"end":{"line":428,"column":59}},"164":{"start":{"line":431,"column":2},"end":{"line":443,"column":3}},"165":{"start":{"line":432,"column":19},"end":{"line":432,"column":49}},"166":{"start":{"line":433,"column":18},"end":{"line":433,"column":43}},"167":{"start":{"line":435,"column":20},"end":{"line":435,"column":36}},"168":{"start":{"line":437,"column":4},"end":{"line":437,"column":54}},"169":{"start":{"line":439,"column":4},"end":{"line":441,"column":5}},"170":{"start":{"line":440,"column":6},"end":{"line":440,"column":72}},"171":{"start":{"line":446,"column":2},"end":{"line":483,"column":3}},"172":{"start":{"line":448,"column":17},"end":{"line":449,"column":100}},"173":{"start":{"line":451,"column":4},"end":{"line":452,"column":67}},"174":{"start":{"line":452,"column":6},"end":{"line":452,"column":67}},"175":{"start":{"line":454,"column":4},"end":{"line":464,"column":5}},"176":{"start":{"line":455,"column":6},"end":{"line":462,"column":128}},"177":{"start":{"line":456,"column":8},"end":{"line":456,"column":103}},"178":{"start":{"line":457,"column":11},"end":{"line":462,"column":128}},"179":{"start":{"line":458,"column":8},"end":{"line":458,"column":98}},"180":{"start":{"line":459,"column":11},"end":{"line":462,"column":128}},"181":{"start":{"line":460,"column":8},"end":{"line":460,"column":101}},"182":{"start":{"line":461,"column":11},"end":{"line":462,"column":128}},"183":{"start":{"line":462,"column":8},"end":{"line":462,"column":128}},"184":{"start":{"line":466,"column":16},"end":{"line":466,"column":20}},"185":{"start":{"line":467,"column":4},"end":{"line":470,"column":44}},"186":{"start":{"line":468,"column":6},"end":{"line":468,"column":44}},"187":{"start":{"line":469,"column":9},"end":{"line":470,"column":44}},"188":{"start":{"line":470,"column":6},"end":{"line":470,"column":44}},"189":{"start":{"line":472,"column":17},"end":{"line":472,"column":49}},"190":{"start":{"line":473,"column":4},"end":{"line":473,"column":26}},"191":{"start":{"line":477,"column":4},"end":{"line":477,"column":135}},"192":{"start":{"line":479,"column":4},"end":{"line":479,"column":66}},"193":{"start":{"line":482,"column":4},"end":{"line":482,"column":55}},"194":{"start":{"line":487,"column":15},"end":{"line":574,"column":1}},"195":{"start":{"line":488,"column":2},"end":{"line":573,"column":3}},"196":{"start":{"line":489,"column":42},"end":{"line":489,"column":51}},"197":{"start":{"line":490,"column":30},"end":{"line":490,"column":54}},"198":{"start":{"line":492,"column":16},"end":{"line":496,"column":65}},"199":{"start":{"line":498,"column":17},"end":{"line":533,"column":6}},"200":{"start":{"line":536,"column":17},"end":{"line":536,"column":19}},"201":{"start":{"line":537,"column":4},"end":{"line":551,"column":5}},"202":{"start":{"line":538,"column":6},"end":{"line":539,"column":37}},"203":{"start":{"line":539,"column":8},"end":{"line":539,"column":37}},"204":{"start":{"line":550,"column":6},"end":{"line":550,"column":15}},"205":{"start":{"line":559,"column":17},"end":{"line":567,"column":5}},"206":{"start":{"line":569,"column":4},"end":{"line":569,"column":69}},"207":{"start":{"line":572,"column":4},"end":{"line":572,"column":55}},"208":{"start":{"line":577,"column":0},"end":{"line":584,"column":2}}},"fnMap":{"0":{"name":"(anonymous_0)","decl":{"start":{"line":18,"column":26},"end":{"line":18,"column":27}},"loc":{"start":{"line":18,"column":40},"end":{"line":27,"column":1}},"line":18},"1":{"name":"(anonymous_1)","decl":{"start":{"line":29,"column":24},"end":{"line":29,"column":25}},"loc":{"start":{"line":29,"column":44},"end":{"line":89,"column":1}},"line":29},"2":{"name":"(anonymous_2)","decl":{"start":{"line":91,"column":19},"end":{"line":91,"column":20}},"loc":{"start":{"line":91,"column":39},"end":{"line":123,"column":1}},"line":91},"3":{"name":"(anonymous_3)","decl":{"start":{"line":125,"column":20},"end":{"line":125,"column":21}},"loc":{"start":{"line":125,"column":40},"end":{"line":149,"column":1}},"line":125},"4":{"name":"(anonymous_4)","decl":{"start":{"line":151,"column":20},"end":{"line":151,"column":21}},"loc":{"start":{"line":151,"column":40},"end":{"line":161,"column":1}},"line":151},"5":{"name":"(anonymous_5)","decl":{"start":{"line":163,"column":24},"end":{"line":163,"column":25}},"loc":{"start":{"line":163,"column":34},"end":{"line":187,"column":1}},"line":163},"6":{"name":"(anonymous_6)","decl":{"start":{"line":170,"column":10},"end":{"line":170,"column":11}},"loc":{"start":{"line":170,"column":24},"end":{"line":172,"column":5}},"line":170},"7":{"name":"(anonymous_7)","decl":{"start":{"line":172,"column":13},"end":{"line":172,"column":14}},"loc":{"start":{"line":172,"column":20},"end":{"line":174,"column":5}},"line":172},"8":{"name":"(anonymous_8)","decl":{"start":{"line":182,"column":10},"end":{"line":182,"column":11}},"loc":{"start":{"line":182,"column":20},"end":{"line":184,"column":5}},"line":182},"9":{"name":"(anonymous_9)","decl":{"start":{"line":184,"column":13},"end":{"line":184,"column":14}},"loc":{"start":{"line":184,"column":20},"end":{"line":186,"column":5}},"line":184},"10":{"name":"(anonymous_10)","decl":{"start":{"line":190,"column":26},"end":{"line":190,"column":27}},"loc":{"start":{"line":190,"column":42},"end":{"line":201,"column":1}},"line":190},"11":{"name":"(anonymous_11)","decl":{"start":{"line":203,"column":20},"end":{"line":203,"column":21}},"loc":{"start":{"line":203,"column":36},"end":{"line":248,"column":1}},"line":203},"12":{"name":"(anonymous_12)","decl":{"start":{"line":239,"column":12},"end":{"line":239,"column":13}},"loc":{"start":{"line":239,"column":24},"end":{"line":241,"column":7}},"line":239},"13":{"name":"(anonymous_13)","decl":{"start":{"line":241,"column":15},"end":{"line":241,"column":16}},"loc":{"start":{"line":241,"column":22},"end":{"line":243,"column":7}},"line":241},"14":{"name":"(anonymous_14)","decl":{"start":{"line":250,"column":23},"end":{"line":250,"column":24}},"loc":{"start":{"line":250,"column":43},"end":{"line":318,"column":1}},"line":250},"15":{"name":"(anonymous_15)","decl":{"start":{"line":258,"column":17},"end":{"line":258,"column":18}},"loc":{"start":{"line":259,"column":6},"end":{"line":259,"column":55}},"line":259},"16":{"name":"(anonymous_16)","decl":{"start":{"line":320,"column":23},"end":{"line":320,"column":24}},"loc":{"start":{"line":320,"column":43},"end":{"line":422,"column":1}},"line":320},"17":{"name":"(anonymous_17)","decl":{"start":{"line":328,"column":17},"end":{"line":328,"column":18}},"loc":{"start":{"line":329,"column":6},"end":{"line":329,"column":55}},"line":329},"18":{"name":"(anonymous_18)","decl":{"start":{"line":426,"column":19},"end":{"line":426,"column":20}},"loc":{"start":{"line":426,"column":39},"end":{"line":484,"column":1}},"line":426},"19":{"name":"(anonymous_19)","decl":{"start":{"line":487,"column":15},"end":{"line":487,"column":16}},"loc":{"start":{"line":487,"column":35},"end":{"line":574,"column":1}},"line":487}},"branchMap":{"0":{"loc":{"start":{"line":33,"column":4},"end":{"line":35,"column":5}},"type":"if","locations":[{"start":{"line":33,"column":4},"end":{"line":35,"column":5}},{"start":{},"end":{}}],"line":33},"1":{"loc":{"start":{"line":33,"column":8},"end":{"line":33,"column":63}},"type":"binary-expr","locations":[{"start":{"line":33,"column":8},"end":{"line":33,"column":26}},{"start":{"line":33,"column":30},"end":{"line":33,"column":63}}],"line":33},"2":{"loc":{"start":{"line":62,"column":4},"end":{"line":82,"column":5}},"type":"if","locations":[{"start":{"line":62,"column":4},"end":{"line":82,"column":5}},{"start":{},"end":{}}],"line":62},"3":{"loc":{"start":{"line":68,"column":8},"end":{"line":72,"column":9}},"type":"if","locations":[{"start":{"line":68,"column":8},"end":{"line":72,"column":9}},{"start":{},"end":{}}],"line":68},"4":{"loc":{"start":{"line":68,"column":12},"end":{"line":68,"column":56}},"type":"binary-expr","locations":[{"start":{"line":68,"column":12},"end":{"line":68,"column":31}},{"start":{"line":68,"column":35},"end":{"line":68,"column":56}}],"line":68},"5":{"loc":{"start":{"line":71,"column":17},"end":{"line":71,"column":129}},"type":"cond-expr","locations":[{"start":{"line":71,"column":42},"end":{"line":71,"column":117}},{"start":{"line":71,"column":120},"end":{"line":71,"column":129}}],"line":71},"6":{"loc":{"start":{"line":94,"column":4},"end":{"line":96,"column":5}},"type":"if","locations":[{"start":{"line":94,"column":4},"end":{"line":96,"column":5}},{"start":{},"end":{}}],"line":94},"7":{"loc":{"start":{"line":94,"column":8},"end":{"line":94,"column":63}},"type":"binary-expr","locations":[{"start":{"line":94,"column":8},"end":{"line":94,"column":26}},{"start":{"line":94,"column":30},"end":{"line":94,"column":63}}],"line":94},"8":{"loc":{"start":{"line":101,"column":4},"end":{"line":102,"column":67}},"type":"if","locations":[{"start":{"line":101,"column":4},"end":{"line":102,"column":67}},{"start":{},"end":{}}],"line":101},"9":{"loc":{"start":{"line":105,"column":6},"end":{"line":112,"column":128}},"type":"if","locations":[{"start":{"line":105,"column":6},"end":{"line":112,"column":128}},{"start":{"line":107,"column":11},"end":{"line":112,"column":128}}],"line":105},"10":{"loc":{"start":{"line":107,"column":11},"end":{"line":112,"column":128}},"type":"if","locations":[{"start":{"line":107,"column":11},"end":{"line":112,"column":128}},{"start":{"line":109,"column":11},"end":{"line":112,"column":128}}],"line":107},"11":{"loc":{"start":{"line":109,"column":11},"end":{"line":112,"column":128}},"type":"if","locations":[{"start":{"line":109,"column":11},"end":{"line":112,"column":128}},{"start":{"line":111,"column":11},"end":{"line":112,"column":128}}],"line":109},"12":{"loc":{"start":{"line":111,"column":11},"end":{"line":112,"column":128}},"type":"if","locations":[{"start":{"line":111,"column":11},"end":{"line":112,"column":128}},{"start":{},"end":{}}],"line":111},"13":{"loc":{"start":{"line":130,"column":2},"end":{"line":131,"column":34}},"type":"if","locations":[{"start":{"line":130,"column":2},"end":{"line":131,"column":34}},{"start":{},"end":{}}],"line":130},"14":{"loc":{"start":{"line":135,"column":2},"end":{"line":146,"column":3}},"type":"if","locations":[{"start":{"line":135,"column":2},"end":{"line":146,"column":3}},{"start":{"line":138,"column":7},"end":{"line":146,"column":3}}],"line":135},"15":{"loc":{"start":{"line":138,"column":7},"end":{"line":146,"column":3}},"type":"if","locations":[{"start":{"line":138,"column":7},"end":{"line":146,"column":3}},{"start":{"line":141,"column":7},"end":{"line":146,"column":3}}],"line":138},"16":{"loc":{"start":{"line":141,"column":7},"end":{"line":146,"column":3}},"type":"if","locations":[{"start":{"line":141,"column":7},"end":{"line":146,"column":3}},{"start":{},"end":{}}],"line":141},"17":{"loc":{"start":{"line":141,"column":11},"end":{"line":141,"column":67}},"type":"binary-expr","locations":[{"start":{"line":141,"column":11},"end":{"line":141,"column":36}},{"start":{"line":141,"column":40},"end":{"line":141,"column":67}}],"line":141},"18":{"loc":{"start":{"line":144,"column":4},"end":{"line":145,"column":36}},"type":"if","locations":[{"start":{"line":144,"column":4},"end":{"line":145,"column":36}},{"start":{},"end":{}}],"line":144},"19":{"loc":{"start":{"line":155,"column":2},"end":{"line":158,"column":48}},"type":"if","locations":[{"start":{"line":155,"column":2},"end":{"line":158,"column":48}},{"start":{"line":158,"column":4},"end":{"line":158,"column":48}}],"line":155},"20":{"loc":{"start":{"line":222,"column":2},"end":{"line":245,"column":3}},"type":"if","locations":[{"start":{"line":222,"column":2},"end":{"line":245,"column":3}},{"start":{},"end":{}}],"line":222},"21":{"loc":{"start":{"line":268,"column":4},"end":{"line":280,"column":5}},"type":"if","locations":[{"start":{"line":268,"column":4},"end":{"line":280,"column":5}},{"start":{},"end":{}}],"line":268},"22":{"loc":{"start":{"line":271,"column":6},"end":{"line":278,"column":7}},"type":"if","locations":[{"start":{"line":271,"column":6},"end":{"line":278,"column":7}},{"start":{"line":276,"column":11},"end":{"line":278,"column":7}}],"line":271},"23":{"loc":{"start":{"line":338,"column":4},"end":{"line":351,"column":5}},"type":"if","locations":[{"start":{"line":338,"column":4},"end":{"line":351,"column":5}},{"start":{},"end":{}}],"line":338},"24":{"loc":{"start":{"line":341,"column":6},"end":{"line":349,"column":7}},"type":"if","locations":[{"start":{"line":341,"column":6},"end":{"line":349,"column":7}},{"start":{"line":347,"column":11},"end":{"line":349,"column":7}}],"line":341},"25":{"loc":{"start":{"line":357,"column":4},"end":{"line":360,"column":5}},"type":"if","locations":[{"start":{"line":357,"column":4},"end":{"line":360,"column":5}},{"start":{},"end":{}}],"line":357},"26":{"loc":{"start":{"line":383,"column":4},"end":{"line":417,"column":5}},"type":"if","locations":[{"start":{"line":383,"column":4},"end":{"line":417,"column":5}},{"start":{},"end":{}}],"line":383},"27":{"loc":{"start":{"line":405,"column":6},"end":{"line":412,"column":7}},"type":"if","locations":[{"start":{"line":405,"column":6},"end":{"line":412,"column":7}},{"start":{},"end":{}}],"line":405},"28":{"loc":{"start":{"line":431,"column":2},"end":{"line":443,"column":3}},"type":"if","locations":[{"start":{"line":431,"column":2},"end":{"line":443,"column":3}},{"start":{},"end":{}}],"line":431},"29":{"loc":{"start":{"line":439,"column":4},"end":{"line":441,"column":5}},"type":"if","locations":[{"start":{"line":439,"column":4},"end":{"line":441,"column":5}},{"start":{},"end":{}}],"line":439},"30":{"loc":{"start":{"line":439,"column":8},"end":{"line":439,"column":43}},"type":"binary-expr","locations":[{"start":{"line":439,"column":8},"end":{"line":439,"column":21}},{"start":{"line":439,"column":25},"end":{"line":439,"column":43}}],"line":439},"31":{"loc":{"start":{"line":451,"column":4},"end":{"line":452,"column":67}},"type":"if","locations":[{"start":{"line":451,"column":4},"end":{"line":452,"column":67}},{"start":{},"end":{}}],"line":451},"32":{"loc":{"start":{"line":455,"column":6},"end":{"line":462,"column":128}},"type":"if","locations":[{"start":{"line":455,"column":6},"end":{"line":462,"column":128}},{"start":{"line":457,"column":11},"end":{"line":462,"column":128}}],"line":455},"33":{"loc":{"start":{"line":457,"column":11},"end":{"line":462,"column":128}},"type":"if","locations":[{"start":{"line":457,"column":11},"end":{"line":462,"column":128}},{"start":{"line":459,"column":11},"end":{"line":462,"column":128}}],"line":457},"34":{"loc":{"start":{"line":459,"column":11},"end":{"line":462,"column":128}},"type":"if","locations":[{"start":{"line":459,"column":11},"end":{"line":462,"column":128}},{"start":{"line":461,"column":11},"end":{"line":462,"column":128}}],"line":459},"35":{"loc":{"start":{"line":461,"column":11},"end":{"line":462,"column":128}},"type":"if","locations":[{"start":{"line":461,"column":11},"end":{"line":462,"column":128}},{"start":{},"end":{}}],"line":461},"36":{"loc":{"start":{"line":467,"column":4},"end":{"line":470,"column":44}},"type":"if","locations":[{"start":{"line":467,"column":4},"end":{"line":470,"column":44}},{"start":{"line":469,"column":9},"end":{"line":470,"column":44}}],"line":467},"37":{"loc":{"start":{"line":469,"column":9},"end":{"line":470,"column":44}},"type":"if","locations":[{"start":{"line":469,"column":9},"end":{"line":470,"column":44}},{"start":{},"end":{}}],"line":469},"38":{"loc":{"start":{"line":489,"column":12},"end":{"line":489,"column":20}},"type":"default-arg","locations":[{"start":{"line":489,"column":19},"end":{"line":489,"column":20}}],"line":489},"39":{"loc":{"start":{"line":492,"column":16},"end":{"line":496,"column":65}},"type":"cond-expr","locations":[{"start":{"line":494,"column":6},"end":{"line":494,"column":63}},{"start":{"line":496,"column":8},"end":{"line":496,"column":65}}],"line":492},"40":{"loc":{"start":{"line":537,"column":4},"end":{"line":551,"column":5}},"type":"if","locations":[{"start":{"line":537,"column":4},"end":{"line":551,"column":5}},{"start":{"line":549,"column":9},"end":{"line":551,"column":5}}],"line":537},"41":{"loc":{"start":{"line":538,"column":6},"end":{"line":539,"column":37}},"type":"if","locations":[{"start":{"line":538,"column":6},"end":{"line":539,"column":37}},{"start":{},"end":{}}],"line":538},"42":{"loc":{"start":{"line":563,"column":22},"end":{"line":563,"column":32}},"type":"binary-expr","locations":[{"start":{"line":563,"column":22},"end":{"line":563,"column":27}},{"start":{"line":563,"column":31},"end":{"line":563,"column":32}}],"line":563}},"s":{"0":1,"1":1,"2":1,"3":1,"4":1,"5":1,"6":1,"7":1,"8":1,"9":1,"10":1,"11":1,"12":1,"13":1,"14":0,"15":0,"16":0,"17":0,"18":0,"19":1,"20":0,"21":0,"22":0,"23":0,"24":0,"25":0,"26":0,"27":0,"28":0,"29":0,"30":0,"31":0,"32":0,"33":0,"34":0,"35":0,"36":0,"37":0,"38":0,"39":0,"40":0,"41":1,"42":0,"43":0,"44":0,"45":0,"46":0,"47":0,"48":0,"49":0,"50":0,"51":0,"52":0,"53":0,"54":0,"55":0,"56":0,"57":0,"58":0,"59":0,"60":1,"61":0,"62":0,"63":0,"64":0,"65":0,"66":0,"67":0,"68":0,"69":0,"70":0,"71":0,"72":0,"73":0,"74":0,"75":0,"76":1,"77":0,"78":0,"79":0,"80":0,"81":1,"82":0,"83":0,"84":0,"85":1,"86":0,"87":0,"88":0,"89":1,"90":0,"91":0,"92":0,"93":0,"94":0,"95":0,"96":0,"97":0,"98":0,"99":0,"100":0,"101":1,"102":0,"103":0,"104":0,"105":0,"106":0,"107":0,"108":0,"109":0,"110":0,"111":0,"112":0,"113":0,"114":0,"115":0,"116":0,"117":0,"118":0,"119":0,"120":0,"121":0,"122":0,"123":0,"124":0,"125":0,"126":0,"127":1,"128":0,"129":0,"130":0,"131":0,"132":0,"133":0,"134":0,"135":0,"136":0,"137":0,"138":0,"139":0,"140":0,"141":0,"142":0,"143":0,"144":0,"145":0,"146":0,"147":0,"148":0,"149":0,"150":0,"151":0,"152":0,"153":0,"154":0,"155":0,"156":0,"157":0,"158":0,"159":0,"160":0,"161":0,"162":1,"163":0,"164":0,"165":0,"166":0,"167":0,"168":0,"169":0,"170":0,"171":0,"172":0,"173":0,"174":0,"175":0,"176":0,"177":0,"178":0,"179":0,"180":0,"181":0,"182":0,"183":0,"184":0,"185":0,"186":0,"187":0,"188":0,"189":0,"190":0,"191":0,"192":0,"193":0,"194":1,"195":0,"196":0,"197":0,"198":0,"199":0,"200":0,"201":0,"202":0,"203":0,"204":0,"205":0,"206":0,"207":0,"208":1},"f":{"0":0,"1":0,"2":0,"3":0,"4":0,"5":0,"6":0,"7":0,"8":0,"9":0,"10":0,"11":0,"12":0,"13":0,"14":0,"15":0,"16":0,"17":0,"18":0,"19":0},"b":{"0":[0,0],"1":[0,0],"2":[0,0],"3":[0,0],"4":[0,0],"5":[0,0],"6":[0,0],"7":[0,0],"8":[0,0],"9":[0,0],"10":[0,0],"11":[0,0],"12":[0,0],"13":[0,0],"14":[0,0],"15":[0,0],"16":[0,0],"17":[0,0],"18":[0,0],"19":[0,0],"20":[0,0],"21":[0,0],"22":[0,0],"23":[0,0],"24":[0,0],"25":[0,0],"26":[0,0],"27":[0,0],"28":[0,0],"29":[0,0],"30":[0,0],"31":[0,0],"32":[0,0],"33":[0,0],"34":[0,0],"35":[0,0],"36":[0,0],"37":[0,0],"38":[0],"39":[0,0],"40":[0,0],"41":[0,0],"42":[0,0]},"_coverageSchema":"1a1c01bbd47fc00a2c39e90264f33305004495a9","hash":"6369336208fb2160c49d95b2763729c679153105"}
,"E:\\laragon\\www\\laravel8andreactjshop\\node\\controllers\\product\\product.controller.js": {"path":"E:\\laragon\\www\\laravel8andreactjshop\\node\\controllers\\product\\product.controller.js","statementMap":{"0":{"start":{"line":1,"column":22},"end":{"line":1,"column":53}},"1":{"start":{"line":2,"column":22},"end":{"line":2,"column":50}},"2":{"start":{"line":3,"column":22},"end":{"line":3,"column":59}},"3":{"start":{"line":4,"column":38},"end":{"line":4,"column":70}},"4":{"start":{"line":5,"column":10},"end":{"line":5,"column":27}},"5":{"start":{"line":7,"column":26},"end":{"line":17,"column":1}},"6":{"start":{"line":8,"column":2},"end":{"line":16,"column":3}},"7":{"start":{"line":10,"column":20},"end":{"line":10,"column":92}},"8":{"start":{"line":12,"column":7},"end":{"line":12,"column":71}},"9":{"start":{"line":15,"column":4},"end":{"line":15,"column":55}},"10":{"start":{"line":19,"column":17},"end":{"line":149,"column":3}},"11":{"start":{"line":20,"column":4},"end":{"line":148,"column":5}},"12":{"start":{"line":22,"column":30},"end":{"line":22,"column":39}},"13":{"start":{"line":23,"column":50},"end":{"line":23,"column":58}},"14":{"start":{"line":25,"column":18},"end":{"line":25,"column":28}},"15":{"start":{"line":26,"column":34},"end":{"line":26,"column":36}},"16":{"start":{"line":31,"column":8},"end":{"line":36,"column":9}},"17":{"start":{"line":34,"column":27},"end":{"line":34,"column":63}},"18":{"start":{"line":35,"column":11},"end":{"line":35,"column":44}},"19":{"start":{"line":38,"column":8},"end":{"line":44,"column":9}},"20":{"start":{"line":40,"column":11},"end":{"line":41,"column":36}},"21":{"start":{"line":41,"column":15},"end":{"line":41,"column":35}},"22":{"start":{"line":43,"column":11},"end":{"line":43,"column":55}},"23":{"start":{"line":47,"column":34},"end":{"line":47,"column":73}},"24":{"start":{"line":49,"column":8},"end":{"line":104,"column":9}},"25":{"start":{"line":51,"column":10},"end":{"line":51,"column":34}},"26":{"start":{"line":53,"column":10},"end":{"line":54,"column":24}},"27":{"start":{"line":54,"column":10},"end":{"line":54,"column":23}},"28":{"start":{"line":56,"column":20},"end":{"line":56,"column":33}},"29":{"start":{"line":57,"column":20},"end":{"line":57,"column":33}},"30":{"start":{"line":59,"column":28},"end":{"line":59,"column":142}},"31":{"start":{"line":61,"column":10},"end":{"line":95,"column":13}},"32":{"start":{"line":99,"column":10},"end":{"line":99,"column":34}},"33":{"start":{"line":101,"column":10},"end":{"line":103,"column":72}},"34":{"start":{"line":107,"column":8},"end":{"line":107,"column":38}},"35":{"start":{"line":112,"column":22},"end":{"line":125,"column":10}},"36":{"start":{"line":127,"column":8},"end":{"line":132,"column":42}},"37":{"start":{"line":128,"column":9},"end":{"line":128,"column":39}},"38":{"start":{"line":129,"column":13},"end":{"line":132,"column":42}},"39":{"start":{"line":130,"column":8},"end":{"line":130,"column":17}},"40":{"start":{"line":132,"column":8},"end":{"line":132,"column":42}},"41":{"start":{"line":135,"column":20},"end":{"line":140,"column":9}},"42":{"start":{"line":144,"column":9},"end":{"line":144,"column":73}},"43":{"start":{"line":147,"column":6},"end":{"line":147,"column":57}},"44":{"start":{"line":152,"column":21},"end":{"line":254,"column":3}},"45":{"start":{"line":153,"column":4},"end":{"line":253,"column":5}},"46":{"start":{"line":154,"column":41},"end":{"line":154,"column":50}},"47":{"start":{"line":155,"column":9},"end":{"line":156,"column":65}},"48":{"start":{"line":156,"column":9},"end":{"line":156,"column":65}},"49":{"start":{"line":159,"column":25},"end":{"line":159,"column":115}},"50":{"start":{"line":160,"column":19},"end":{"line":160,"column":21}},"51":{"start":{"line":163,"column":9},"end":{"line":164,"column":65}},"52":{"start":{"line":164,"column":9},"end":{"line":164,"column":65}},"53":{"start":{"line":166,"column":31},"end":{"line":207,"column":8}},"54":{"start":{"line":210,"column":34},"end":{"line":220,"column":12}},"55":{"start":{"line":222,"column":29},"end":{"line":222,"column":34}},"56":{"start":{"line":224,"column":10},"end":{"line":231,"column":11}},"57":{"start":{"line":226,"column":30},"end":{"line":229,"column":27}},"58":{"start":{"line":230,"column":12},"end":{"line":230,"column":48}},"59":{"start":{"line":234,"column":10},"end":{"line":244,"column":12}},"60":{"start":{"line":246,"column":9},"end":{"line":246,"column":23}},"61":{"start":{"line":249,"column":9},"end":{"line":249,"column":73}},"62":{"start":{"line":252,"column":6},"end":{"line":252,"column":57}},"63":{"start":{"line":258,"column":0},"end":{"line":262,"column":2}}},"fnMap":{"0":{"name":"(anonymous_0)","decl":{"start":{"line":7,"column":26},"end":{"line":7,"column":27}},"loc":{"start":{"line":7,"column":46},"end":{"line":17,"column":1}},"line":7},"1":{"name":"(anonymous_1)","decl":{"start":{"line":19,"column":17},"end":{"line":19,"column":18}},"loc":{"start":{"line":19,"column":37},"end":{"line":149,"column":3}},"line":19},"2":{"name":"(anonymous_2)","decl":{"start":{"line":40,"column":42},"end":{"line":40,"column":43}},"loc":{"start":{"line":41,"column":15},"end":{"line":41,"column":35}},"line":41},"3":{"name":"(anonymous_3)","decl":{"start":{"line":53,"column":34},"end":{"line":53,"column":35}},"loc":{"start":{"line":54,"column":10},"end":{"line":54,"column":23}},"line":54},"4":{"name":"(anonymous_4)","decl":{"start":{"line":152,"column":21},"end":{"line":152,"column":22}},"loc":{"start":{"line":152,"column":41},"end":{"line":254,"column":3}},"line":152}},"branchMap":{"0":{"loc":{"start":{"line":22,"column":16},"end":{"line":22,"column":22}},"type":"default-arg","locations":[{"start":{"line":22,"column":21},"end":{"line":22,"column":22}}],"line":22},"1":{"loc":{"start":{"line":31,"column":8},"end":{"line":36,"column":9}},"type":"if","locations":[{"start":{"line":31,"column":8},"end":{"line":36,"column":9}},{"start":{},"end":{}}],"line":31},"2":{"loc":{"start":{"line":34,"column":27},"end":{"line":34,"column":63}},"type":"cond-expr","locations":[{"start":{"line":34,"column":57},"end":{"line":34,"column":58}},{"start":{"line":34,"column":61},"end":{"line":34,"column":63}}],"line":34},"3":{"loc":{"start":{"line":38,"column":8},"end":{"line":44,"column":9}},"type":"if","locations":[{"start":{"line":38,"column":8},"end":{"line":44,"column":9}},{"start":{},"end":{}}],"line":38},"4":{"loc":{"start":{"line":38,"column":11},"end":{"line":38,"column":58}},"type":"binary-expr","locations":[{"start":{"line":38,"column":11},"end":{"line":38,"column":33}},{"start":{"line":38,"column":37},"end":{"line":38,"column":58}}],"line":38},"5":{"loc":{"start":{"line":49,"column":8},"end":{"line":104,"column":9}},"type":"if","locations":[{"start":{"line":49,"column":8},"end":{"line":104,"column":9}},{"start":{"line":98,"column":12},"end":{"line":104,"column":9}}],"line":49},"6":{"loc":{"start":{"line":49,"column":11},"end":{"line":49,"column":50}},"type":"binary-expr","locations":[{"start":{"line":49,"column":11},"end":{"line":49,"column":29}},{"start":{"line":49,"column":33},"end":{"line":49,"column":50}}],"line":49},"7":{"loc":{"start":{"line":59,"column":28},"end":{"line":59,"column":142}},"type":"cond-expr","locations":[{"start":{"line":59,"column":50},"end":{"line":59,"column":113}},{"start":{"line":59,"column":116},"end":{"line":59,"column":142}}],"line":59},"8":{"loc":{"start":{"line":127,"column":8},"end":{"line":132,"column":42}},"type":"if","locations":[{"start":{"line":127,"column":8},"end":{"line":132,"column":42}},{"start":{"line":129,"column":13},"end":{"line":132,"column":42}}],"line":127},"9":{"loc":{"start":{"line":127,"column":11},"end":{"line":127,"column":57}},"type":"binary-expr","locations":[{"start":{"line":127,"column":11},"end":{"line":127,"column":29}},{"start":{"line":127,"column":33},"end":{"line":127,"column":57}}],"line":127},"10":{"loc":{"start":{"line":129,"column":13},"end":{"line":132,"column":42}},"type":"if","locations":[{"start":{"line":129,"column":13},"end":{"line":132,"column":42}},{"start":{"line":132,"column":8},"end":{"line":132,"column":42}}],"line":129},"11":{"loc":{"start":{"line":129,"column":17},"end":{"line":129,"column":62}},"type":"binary-expr","locations":[{"start":{"line":129,"column":17},"end":{"line":129,"column":35}},{"start":{"line":129,"column":39},"end":{"line":129,"column":62}}],"line":129},"12":{"loc":{"start":{"line":137,"column":18},"end":{"line":137,"column":28}},"type":"binary-expr","locations":[{"start":{"line":137,"column":18},"end":{"line":137,"column":23}},{"start":{"line":137,"column":27},"end":{"line":137,"column":28}}],"line":137},"13":{"loc":{"start":{"line":155,"column":9},"end":{"line":156,"column":65}},"type":"if","locations":[{"start":{"line":155,"column":9},"end":{"line":156,"column":65}},{"start":{},"end":{}}],"line":155},"14":{"loc":{"start":{"line":155,"column":12},"end":{"line":155,"column":73}},"type":"binary-expr","locations":[{"start":{"line":155,"column":12},"end":{"line":155,"column":33}},{"start":{"line":155,"column":37},"end":{"line":155,"column":73}}],"line":155},"15"
[...]
,"E:\\laragon\\www\\laravel8andreactjshop\\node\\validator\\cart\\cart.schema.js": {"path":"E:\\laragon\\www\\laravel8andreactjshop\\node\\validator\\cart\\cart.schema.js","statementMap":{"0":{"start":{"line":1,"column":12},"end":{"line":1,"column":26}},"1":{"start":{"line":5,"column":15},"end":{"line":22,"column":1}},"2":{"start":{"line":24,"column":0},"end":{"line":24,"column":23}}},"fnMap":{},"branchMap":{},"s":{"0":1,"1":1,"2":1},"f":{},"b":{},"_coverageSchema":"1a1c01bbd47fc00a2c39e90264f33305004495a9","hash":"4606cea4cae630e94e18973dc2ec31a511b6ecd2"}
,"E:\\laragon\\www\\laravel8andreactjshop\\node\\validator\\cart\\index.js": {"path":"E:\\laragon\\www\\laravel8andreactjshop\\node\\validator\\cart\\index.js","statementMap":{"0":{"start":{"line":1,"column":51},"end":{"line":1,"column":75}},"1":{"start":{"line":3,"column":16},"end":{"line":11,"column":3}},"2":{"start":{"line":13,"column":0},"end":{"line":51,"column":1}},"3":{"start":{"line":15,"column":22},"end":{"line":15,"column":64}},"4":{"start":{"line":16,"column":8},"end":{"line":21,"column":9}},"5":{"start":{"line":17,"column":10},"end":{"line":17,"column":73}},"6":{"start":{"line":20,"column":12},"end":{"line":20,"column":18}},"7":{"start":{"line":24,"column":22},"end":{"line":24,"column":63}},"8":{"start":{"line":25,"column":8},"end":{"line":30,"column":9}},"9":{"start":{"line":26,"column":10},"end":{"line":26,"column":73}},"10":{"start":{"line":29,"column":12},"end":{"line":29,"column":18}},"11":{"start":{"line":33,"column":19},"end":{"line":33,"column":47}},"12":{"start":{"line":34,"column":22},"end":{"line":34,"column":62}},"13":{"start":{"line":35,"column":8},"end":{"line":40,"column":9}},"14":{"start":{"line":36,"column":10},"end":{"line":36,"column":73}},"15":{"start":{"line":39,"column":12},"end":{"line":39,"column":18}},"16":{"start":{"line":43,"column":22},"end":{"line":43,"column":68}},"17":{"start":{"line":44,"column":8},"end":{"line":49,"column":9}},"18":{"start":{"line":45,"column":10},"end":{"line":45,"column":73}},"19":{"start":{"line":48,"column":12},"end":{"line":48,"column":18}}},"fnMap":{"0":{"name":"(anonymous_0)","decl":{"start":{"line":14,"column":23},"end":{"line":14,"column":24}},"loc":{"start":{"line":14,"column":48},"end":{"line":22,"column":5}},"line":14},"1":{"name":"(anonymous_1)","decl":{"start":{"line":23,"column":23},"end":{"line":23,"column":24}},"loc":{"start":{"line":23,"column":48},"end":{"line":31,"column":5}},"line":23},"2":{"name":"(anonymous_2)","decl":{"start":{"line":32,"column":26},"end":{"line":32,"column":27}},"loc":{"start":{"line":32,"column":51},"end":{"line":41,"column":5}},"line":32},"3":{"name":"(anonymous_3)","decl":{"start":{"line":42,"column":26},"end":{"line":42,"column":27}},"loc":{"start":{"line":42,"column":51},"end":{"line":50,"column":5}},"line":42}},"branchMap":{"0":{"loc":{"start":{"line":16,"column":8},"end":{"line":21,"column":9}},"type":"if","locations":[{"start":{"line":16,"column":8},"end":{"line":21,"column":9}},{"start":{"line":19,"column":12},"end":{"line":21,"column":9}}],"line":16},"1":{"loc":{"start":{"line":25,"column":8},"end":{"line":30,"column":9}},"type":"if","locations":[{"start":{"line":25,"column":8},"end":{"line":30,"column":9}},{"start":{"line":28,"column":12},"end":{"line":30,"column":9}}],"line":25},"2":{"loc":{"start":{"line":35,"column":8},"end":{"line":40,"column":9}},"type":"if","locations":[{"start":{"line":35,"column":8},"end":{"line":40,"column":9}},{"start":{"line":38,"column":12},"end":{"line":40,"column":9}}],"line":35},"3":{"loc":{"start":{"line":44,"column":8},"end":{"line":49,"column":9}},"type":"if","locations":[{"start":{"line":44,"column":8},"end":{"line":49,"column":9}},{"start":{"line":47,"column":12},"end":{"line":49,"column":9}}],"line":44}},"s":{"0":1,"1":1,"2":1,"3":0,"4":0,"5":0,"6":0,"7":0,"8":0,"9":0,"10":0,"11":0,"12":0,"13":0,"14":0,"15":0,"16":0,"17":0,"18":0,"19":0},"f":{"0":0,"1":0,"2":0,"3":0},"b":{"0":[0,0],"1":[0,0],"2":[0,0],"3":[0,0]},"_coverageSchema":"1a1c01bbd47fc00a2c39e90264f33305004495a9","hash":"2b4b111b5fa77a7bc5248421e95774f846f8dc93"}
,"E:\\laragon\\www\\laravel8andreactjshop\\node\\validator\\contact\\contact.schema.js": {"path":"E:\\laragon\\www\\laravel8andreactjshop\\node\\validator\\contact\\contact.schema.js","statementMap":{"0":{"start":{"line":1,"column":12},"end":{"line":1,"column":26}},"1":{"start":{"line":2,"column":18},"end":{"line":2,"column":49}},"2":{"start":{"line":3,"column":53},"end":{"line":3,"column":85}},"3":{"start":{"line":4,"column":15},"end":{"line":4,"column":46}},"4":{"start":{"line":8,"column":15},"end":{"line":39,"column":1}},"5":{"start":{"line":41,"column":0},"end":{"line":41,"column":23}}},"fnMap":{},"branchMap":{},"s":{"0":1,"1":1,"2":1,"3":1,"4":1,"5":1},"f":{},"b":{},"_coverageSchema":"1a1c01bbd47fc00a2c39e90264f33305004495a9","hash":"533df005a37e78c7955f556d46bc976ba3915cda"}
,"E:\\laragon\\www\\laravel8andreactjshop\\node\\validator\\contact\\index.js": {"path":"E:\\laragon\\www\\laravel8andreactjshop\\node\\validator\\contact\\index.js","statementMap":{"0":{"start":{"line":1,"column":26},"end":{"line":1,"column":53}},"1":{"start":{"line":3,"column":16},"end":{"line":11,"column":3}},"2":{"start":{"line":13,"column":0},"end":{"line":23,"column":1}},"3":{"start":{"line":15,"column":22},"end":{"line":15,"column":71}},"4":{"start":{"line":16,"column":8},"end":{"line":21,"column":9}},"5":{"start":{"line":17,"column":10},"end":{"line":17,"column":73}},"6":{"start":{"line":20,"column":12},"end":{"line":20,"column":18}}},"fnMap":{"0":{"name":"(anonymous_0)","decl":{"start":{"line":14,"column":26},"end":{"line":14,"column":27}},"loc":{"start":{"line":14,"column":51},"end":{"line":22,"column":5}},"line":14}},"branchMap":{"0":{"loc":{"start":{"line":16,"column":8},"end":{"line":21,"column":9}},"type":"if","locations":[{"start":{"line":16,"column":8},"end":{"line":21,"column":9}},{"start":{"line":19,"column":12},"end":{"line":21,"column":9}}],"line":16}},"s":{"0":1,"1":1,"2":1,"3":0,"4":0,"5":0,"6":0},"f":{"0":0},"b":{"0":[0,0]},"_coverageSchema":"1a1c01bbd47fc00a2c39e90264f33305004495a9","hash":"d1829cb476028a522ef02b641b4c69913d1f4026"}
,"E:\\laragon\\www\\laravel8andreactjshop\\node\\validator\\order\\index.js": {"path":"E:\\laragon\\www\\laravel8andreactjshop\\node\\validator\\order\\index.js","statementMap":{"0":{"start":{"line":1,"column":72},"end":{"line":1,"column":97}},"1":{"start":{"line":3,"column":16},"end":{"line":11,"column":3}},"2":{"start":{"line":13,"column":0},"end":{"line":64,"column":1}},"3":{"start":{"line":15,"column":22},"end":{"line":15,"column":70}},"4":{"start":{"line":16,"column":8},"end":{"line":21,"column":9}},"5":{"start":{"line":17,"column":10},"end":{"line":17,"column":73}},"6":{"start":{"line":20,"column":12},"end":{"line":20,"column":18}},"7":{"start":{"line":25,"column":20},"end":{"line":25,"column":64}},"8":{"start":{"line":26,"column":6},"end":{"line":31,"column":7}},"9":{"start":{"line":27,"column":8},"end":{"line":27,"column":71}},"10":{"start":{"line":30,"column":10},"end":{"line":30,"column":16}},"11":{"start":{"line":35,"column":18},"end":{"line":35,"column":63}},"12":{"start":{"line":36,"column":4},"end":{"line":41,"column":5}},"13":{"start":{"line":37,"column":6},"end":{"line":37,"column":69}},"14":{"start":{"line":40,"column":8},"end":{"line":40,"column":14}},"15":{"start":{"line":45,"column":16},"end":{"line":45,"column":60}},"16":{"start":{"line":46,"column":2},"end":{"line":51,"column":3}},"17":{"start":{"line":47,"column":4},"end":{"line":47,"column":67}},"18":{"start":{"line":50,"column":6},"end":{"line":50,"column":12}},"19":{"start":{"line":55,"column":16},"end":{"line":55,"column":56}},"20":{"start":{"line":56,"column":2},"end":{"line":61,"column":3}},"21":{"start":{"line":57,"column":4},"end":{"line":57,"column":67}},"22":{"start":{"line":60,"column":6},"end":{"line":60,"column":12}}},"fnMap":{"0":{"name":"(anonymous_0)","decl":{"start":{"line":14,"column":29},"end":{"line":14,"column":30}},"loc":{"start":{"line":14,"column":54},"end":{"line":22,"column":5}},"line":14},"1":{"name":"(anonymous_1)","decl":{"start":{"line":24,"column":26},"end":{"line":24,"column":27}},"loc":{"start":{"line":24,"column":51},"end":{"line":32,"column":3}},"line":24},"2":{"name":"(anonymous_2)","decl":{"start":{"line":34,"column":25},"end":{"line":34,"column":26}},"loc":{"start":{"line":34,"column":50},"end":{"line":42,"column":1}},"line":34},"3":{"name":"(anonymous_3)","decl":{"start":{"line":44,"column":22},"end":{"line":44,"column":23}},"loc":{"start":{"line":44,"column":47},"end":{"line":52,"column":1}},"line":44},"4":{"name":"(anonymous_4)","decl":{"start":{"line":54,"column":18},"end":{"line":54,"column":19}},"loc":{"start":{"line":54,"column":43},"end":{"line":62,"column":1}},"line":54}},"branchMap":{"0":{"loc":{"start":{"line":16,"column":8},"end":{"line":21,"column":9}},"type":"if","locations":[{"start":{"line":16,"column":8},"end":{"line":21,"column":9}},{"start":{"line":19,"column":12},"end":{"line":21,"column":9}}],"line":16},"1":{"loc":{"start":{"line":26,"column":6},"end":{"line":31,"column":7}},"type":"if","locations":[{"start":{"line":26,"column":6},"end":{"line":31,"column":7}},{"start":{"line":29,"column":10},"end":{"line":31,"column":7}}],"line":26},"2":{"loc":{"start":{"line":36,"column":4},"end":{"line":41,"column":5}},"type":"if","locations":[{"start":{"line":36,"column":4},"end":{"line":41,"column":5}},{"start":{"line":39,"column":8},"end":{"line":41,"column":5}}],"line":36},"3":{"loc":{"start":{"line":46,"column":2},"end":{"line":51,"column":3}},"type":"if","locations":[{"start":{"line":46,"column":2},"end":{"line":51,"column":3}},{"start":{"line":49,"column":6},"end":{"line":51,"column":3}}],"line":46},"4":{"loc":{"start":{"line":56,"column":2},"end":{"line":61,"column":3}},"type":"if","locations":[{"start":{"line":56,"column":2},"end":{"line":61,"column":3}},{"start":{"line":59,"column":6},"end":{"line":61,"column":3}}],"line":56}},"s":{"0":1,"1":1,"2":1,"3":0,"4":0,"5":0,"6":0,"7":0,"8":0,"9":0,"10":0,"11":0,"12":0,"13":0,"14":0,"15":0,"16":0,"17":0,"18":0,"19":0,"20":0,"21":0,"22":0},"f":{"0":0,"1":0,"2":0,"3":0,"4":0},"b":{"0":[0,0],"1":[0,0],"2":[0,0],"3":[0,0],"4":[0,0]},"_coverageSchema":"1a1c01bbd47fc00a2c39e90264f33305004495a9","hash":"5e2a40a852cfebd5b3decf8cde4091a030df2e66"}
,"E:\\laragon\\www\\laravel8andreactjshop\\node\\validator\\order\\order.schema.js": {"path":"E:\\laragon\\www\\laravel8andreactjshop\\node\\validator\\order\\order.schema.js","statementMap":{"0":{"start":{"line":1,"column":17},"end":{"line":1,"column":31}},"1":{"start":{"line":2,"column":15},"end":{"line":2,"column":32}},"2":{"start":{"line":5,"column":15},"end":{"line":38,"column":1}},"3":{"start":{"line":40,"column":0},"end":{"line":40,"column":23}}},"fnMap":{},"branchMap":{},"s":{"0":1,"1":1,"2":1,"3":1},"f":{},"b":{},"_coverageSchema":"1a1c01bbd47fc00a2c39e90264f33305004495a9","hash":"f8dd272a1878d6e3e28e765c7a09ca69c5d0ff3b"}
,"E:\\laragon\\www\\laravel8andreactjshop\\node\\validator\\subscriber\\index.js": {"path":"E:\\laragon\\www\\laravel8andreactjshop\\node\\validator\\subscriber\\index.js","statementMap":{"0":{"start":{"line":1,"column":29},"end":{"line":1,"column":59}},"1":{"start":{"line":3,"column":16},"end":{"line":11,"column":3}},"2":{"start":{"line":13,"column":0},"end":{"line":23,"column":1}},"3":{"start":{"line":15,"column":22},"end":{"line":15,"column":74}},"4":{"start":{"line":16,"column":8},"end":{"line":21,"column":9}},"5":{"start":{"line":17,"column":10},"end":{"line":17,"column":73}},"6":{"start":{"line":20,"column":12},"end":{"line":20,"column":18}}},"fnMap":{"0":{"name":"(anonymous_0)","decl":{"start":{"line":14,"column":29},"end":{"line":14,"column":30}},"loc":{"start":{"line":14,"column":54},"end":{"line":22,"column":5}},"line":14}},"branchMap":{"0":{"loc":{"start":{"line":16,"column":8},"end":{"line":21,"column":9}},"type":"if","locations":[{"start":{"line":16,"column":8},"end":{"line":21,"column":9}},{"start":{"line":19,"column":12},"end":{"line":21,"column":9}}],"line":16}},"s":{"0":1,"1":1,"2":1,"3":1,"4":1,"5":0,"6":1},"f":{"0":1},"b":{"0":[0,1]},"_coverageSchema":"1a1c01bbd47fc00a2c39e90264f33305004495a9","hash":"2d71b3a44258427ce656d7f2432ca10436137556"}
,"E:\\laragon\\www\\laravel8andreactjshop\\node\\validator\\subscriber\\subscriber.schema.js": {"path":"E:\\laragon\\www\\laravel8andreactjshop\\node\\validator\\subscriber\\subscriber.schema.js","statementMap":{"0":{"start":{"line":1,"column":12},"end":{"line":1,"column":26}},"1":{"start":{"line":3,"column":15},"end":{"line":7,"column":1}},"2":{"start":{"line":9,"column":0},"end":{"line":9,"column":23}}},"fnMap":{},"branchMap":{},"s":{"0":1,"1":1,"2":1},"f":{},"b":{},"_coverageSchema":"1a1c01bbd47fc00a2c39e90264f33305004495a9","hash":"1a21a51aa27ec915d3f3aec4cd02e988dcb6db81"}
,"E:\\laragon\\www\\laravel8andreactjshop\\node\\validator\\user\\index.js": {"path":"E:\\laragon\\www\\laravel8andreactjshop\\node\\validator\\user\\index.js","statementMap":{"0":{"start":{"line":1,"column":108},"end":{"line":1,"column":132}},"1":{"start":{"line":3,"column":16},"end":{"line":11,"column":3}},"2":{"start":{"line":13,"column":0},"end":{"line":83,"column":1}},"3":{"start":{"line":15,"column":22},"end":{"line":15,"column":68}},"4":{"start":{"line":16,"column":8},"end":{"line":21,"column":9}},"5":{"start":{"line":17,"column":10},"end":{"line":17,"column":73}},"6":{"start":{"line":20,"column":12},"end":{"line":20,"column":18}},"7":{"start":{"line":24,"column":20},"end":{"line":24,"column":61}},"8":{"start":{"line":25,"column":6},"end":{"line":30,"column":7}},"9":{"start":{"line":26,"column":8},"end":{"line":26,"column":71}},"10":{"start":{"line":29,"column":10},"end":{"line":29,"column":16}},"11":{"start":{"line":34,"column":18},"end":{"line":34,"column":65}},"12":{"start":{"line":35,"column":4},"end":{"line":40,"column":5}},"13":{"start":{"line":36,"column":6},"end":{"line":36,"column":69}},"14":{"start":{"line":39,"column":8},"end":{"line":39,"column":14}},"15":{"start":{"line":44,"column":16},"end":{"line":44,"column":59}},"16":{"start":{"line":45,"column":2},"end":{"line":50,"column":3}},"17":{"start":{"line":46,"column":4},"end":{"line":46,"column":67}},"18":{"start":{"line":49,"column":6},"end":{"line":49,"column":12}},"19":{"start":{"line":54,"column":16},"end":{"line":54,"column":60}},"20":{"start":{"line":55,"column":2},"end":{"line":60,"column":3}},"21":{"start":{"line":56,"column":4},"end":{"line":56,"column":67}},"22":{"start":{"line":59,"column":6},"end":{"line":59,"column":12}},"23":{"start":{"line":64,"column":16},"end":{"line":64,"column":68}},"24":{"start":{"line":65,"column":2},"end":{"line":70,"column":3}},"25":{"start":{"line":66,"column":4},"end":{"line":66,"column":67}},"26":{"start":{"line":69,"column":6},"end":{"line":69,"column":12}},"27":{"start":{"line":74,"column":16},"end":{"line":74,"column":66}},"28":{"start":{"line":75,"column":2},"end":{"line":80,"column":3}},"29":{"start":{"line":76,"column":4},"end":{"line":76,"column":67}},"30":{"start":{"line":79,"column":6},"end":{"line":79,"column":12}}},"fnMap":{"0":{"name":"(anonymous_0)","decl":{"start":{"line":14,"column":24},"end":{"line":14,"column":25}},"loc":{"start":{"line":14,"column":49},"end":{"line":22,"column":5}},"line":14},"1":{"name":"(anonymous_1)","decl":{"start":{"line":23,"column":17},"end":{"line":23,"column":18}},"loc":{"start":{"line":23,"column":42},"end":{"line":31,"column":3}},"line":23},"2":{"name":"(anonymous_2)","decl":{"start":{"line":33,"column":23},"end":{"line":33,"column":24}},"loc":{"start":{"line":33,"column":48},"end":{"line":41,"column":1}},"line":33},"3":{"name":"(anonymous_3)","decl":{"start":{"line":43,"column":17},"end":{"line":43,"column":18}},"loc":{"start":{"line":43,"column":42},"end":{"line":51,"column":1}},"line":43},"4":{"name":"(anonymous_4)","decl":{"start":{"line":53,"column":23},"end":{"line":53,"column":24}},"loc":{"start":{"line":53,"column":48},"end":{"line":61,"column":1}},"line":53},"5":{"name":"(anonymous_5)","decl":{"start":{"line":63,"column":27},"end":{"line":63,"column":28}},"loc":{"start":{"line":63,"column":52},"end":{"line":71,"column":1}},"line":63},"6":{"name":"(anonymous_6)","decl":{"start":{"line":73,"column":24},"end":{"line":73,"column":25}},"loc":{"start":{"line":73,"column":49},"end":{"line":81,"column":1}},"line":73}},"branchMap":{"0":{"loc":{"start":{"line":16,"column":8},"end":{"line":21,"column":9}},"type":"if","locations":[{"start":{"line":16,"column":8},"end":{"line":21,"column":9}},{"start":{"line":19,"column":12},"end":{"line":21,"column":9}}],"line":16},"1":{"loc":{"start":{"line":25,"column":6},"end":{"line":30,"column":7}},"type":"if","locations":[{"start":{"line":25,"column":6},"end":{"line":30,"column":7}},{"start":{"line":28,"column":10},"end":{"line":30,"column":7}}],"line":25},"2":{"loc":{"start":{"line":35,"column":4},"end":{"line":40,"column":5}},"type":"if","locations":[{"start":{"line":35,"column":4},"end":{"line":40,"column":5}},{"start":{"line":38,"column":8},"end":{"line":40,"column":5}}],"line":35},"3":{"loc":{"start":{"line":45,"column":2},"end":{"line":50,"column":3}},"type":"if","locations":[{"start":{"line":45,"column":2},"end":{"line":50,"column":3}},{"start":{"line":48,"column":6},"end":{"line":50,"column":3}}],"line":45},"4":{"loc":{"start":{"line":55,"column":2},"end":{"line":60,"column":3}},"type":"if","locations":[{"start":{"line":55,"column":2},"end":{"line":60,"column":3}},{"start":{"line":58,"column":6},"end":{"line":60,"column":3}}],"line":55},"5":{"loc":{"start":{"line":65,"column":2},"end":{"line":70,"column":3}},"type":"if","locations":[{"start":{"line":65,"column":2},"end":{"line":70,"column":3}},{"start":{"line":68,"column":6},"end":{"line":70,"column":3}}],"line":65},"6":{"loc":{"start":{"line":75,"column":2},"end":{"line":80,"column":3}},"type":"if","locations":[{"start":{"line":75,"column":2},"end":{"line":80,"column":3}},{"start":{"line":78,"column":6},"end":{"line":80,"column":3}}],"line":75}},"s":{"0":1,"1":1,"2":1,"3":0,"4":0,"5":0,"6":0,"7":0,"8":0,"9":0,"10":0,"11":0,"12":0,"13":0,"14":0,"15":0,"16":0,"17":0,"18":0,"19":0,"20":0,"21":0,"22":0,"23":0,"24":0,"25":0,"26":0,"27":0,"28":0,"29":0,"30":0},"f":{"0":0,"1":0,"2":0,"3":0,"4":0,"5":0,"6":0},"b":{"0":[0,0],"1":[0,0],"2":[0,0],"3":[0,0],"4":[0,0],"5":[0,0],"6":[0,0]},"_coverageSchema":"1a1c01bbd47fc00a2c39e90264f33305004495a9","hash":"a17557075d64af1c9f45afe4198a878c7106f563"}
,"E:\\laragon\\www\\laravel8andreactjshop\\node\\validator\\user\\user.schema.js": {"path":"E:\\laragon\\www\\laravel8andreactjshop\\node\\validator\\user\\user.schema.js","statementMap":{"0":{"start":{"line":1,"column":12},"end":{"line":1,"column":26}},"1":{"start":{"line":2,"column":29},"end":{"line":2,"column":61}},"2":{"start":{"line":5,"column":15},"end":{"line":44,"column":1}},"3":{"start":{"line":46,"column":0},"end":{"line":46,"column":23}}},"fnMap":{},"branchMap":{},"s":{"0":1,"1":1,"2":1,"3":1},"f":{},"b":{},"_coverageSchema":"1a1c01bbd47fc00a2c39e90264f33305004495a9","hash":"20ae327d16093d596ac20218f890cca0f6e4f275"}
}
